Running on host compute242.bc4.acrc.priv
Time is Tue Mar 7 02:23:23 GMT 2023
Directory is /user/home/yf20630/lab1/advanced-hpc-lbm
Slurm job ID is 11263392
This job runs on the following machines:
compute242
==done==
Reynolds number:		9.751927375793E+00
Elapsed Init time:			0.000802 (s)
Elapsed Compute time:			33.159847 (s)
Elapsed Collate time:			0.000000 (s)
Elapsed Total time:			33.160649 (s)
==done==
Reynolds number:		1.005141162872E+01
Elapsed Init time:			0.001618 (s)
Elapsed Compute time:			265.533929 (s)
Elapsed Collate time:			0.000000 (s)
Elapsed Total time:			265.535547 (s)
==done==
Reynolds number:		3.375851392746E+00
Elapsed Init time:			0.016621 (s)
Elapsed Compute time:			1105.046863 (s)
Elapsed Collate time:			0.000000 (s)
Elapsed Total time:			1105.063484 (s)
