Running on host compute243.bc4.acrc.priv
Time is Tue Feb 28 17:51:25 GMT 2023
Directory is /user/home/yf20630/lab1/advanced-hpc-lbm
Slurm job ID is 11243117
This job runs on the following machines:
compute243
==done==
Reynolds number:		9.761113166809E+00
Elapsed Init time:			0.000987 (s)
Elapsed Compute time:			0.791046 (s)
Elapsed Collate time:			0.000000 (s)
Elapsed Total time:			0.792033 (s)
==done==
Reynolds number:		3.717078018188E+01
Elapsed Init time:			0.001455 (s)
Elapsed Compute time:			1.032817 (s)
Elapsed Collate time:			0.000000 (s)
Elapsed Total time:			1.034272 (s)
==done==
Reynolds number:		1.006254005432E+01
Elapsed Init time:			0.002086 (s)
Elapsed Compute time:			2.860800 (s)
Elapsed Collate time:			0.000000 (s)
Elapsed Total time:			2.862886 (s)
==done==
Reynolds number:		3.376108169556E+00
Elapsed Init time:			0.019277 (s)
Elapsed Compute time:			11.005747 (s)
Elapsed Collate time:			0.000000 (s)
Elapsed Total time:			11.025024 (s)
