Running on host compute242.bc4.acrc.priv
Time is Sat Mar 4 21:20:18 GMT 2023
Directory is /user/home/yf20630/lab1/advanced-hpc-lbm
Slurm job ID is 11254870
This job runs on the following machines:
compute242
==done==
Reynolds number:		9.756194114685E+00
Elapsed Init time:			0.001627 (s)
Elapsed Compute time:			5.496127 (s)
Elapsed Collate time:			0.000000 (s)
Elapsed Total time:			5.497754 (s)
==done==
Reynolds number:		3.716385650635E+01
Elapsed Init time:			0.002961 (s)
Elapsed Compute time:			14.700473 (s)
Elapsed Collate time:			0.000000 (s)
Elapsed Total time:			14.703434 (s)
==done==
Reynolds number:		1.006129741669E+01
Elapsed Init time:			0.003190 (s)
Elapsed Compute time:			55.991974 (s)
Elapsed Collate time:			0.000000 (s)
Elapsed Total time:			55.995164 (s)
==done==
Reynolds number:		3.376078367233E+00
Elapsed Init time:			0.074143 (s)
Elapsed Compute time:			242.122826 (s)
Elapsed Collate time:			0.000000 (s)
Elapsed Total time:			242.196969 (s)
