Running on host compute242.bc4.acrc.priv
Time is Tue Mar 7 00:39:53 GMT 2023
Directory is /user/home/yf20630/lab1/advanced-hpc-lbm
Slurm job ID is 11263312
This job runs on the following machines:
compute242
==done==
Reynolds number:		9.761113166809E+00
Elapsed Init time:			0.001546 (s)
Elapsed Compute time:			0.767826 (s)
Elapsed Collate time:			0.000000 (s)
Elapsed Total time:			0.769372 (s)
==done==
Reynolds number:		1.006254005432E+01
Elapsed Init time:			0.002486 (s)
Elapsed Compute time:			2.918500 (s)
Elapsed Collate time:			0.000000 (s)
Elapsed Total time:			2.920986 (s)
==done==
Reynolds number:		3.376108169556E+00
Elapsed Init time:			0.018324 (s)
Elapsed Compute time:			11.865922 (s)
Elapsed Collate time:			0.000000 (s)
Elapsed Total time:			11.884246 (s)
==done==
Reynolds number:		9.757452964783E+00
Elapsed Init time:			0.001154 (s)
Elapsed Compute time:			23.986675 (s)
Elapsed Collate time:			0.000000 (s)
Elapsed Total time:			23.987829 (s)
==done==
Reynolds number:		1.006699466705E+01
Elapsed Init time:			0.002515 (s)
Elapsed Compute time:			190.615607 (s)
Elapsed Collate time:			0.000000 (s)
Elapsed Total time:			190.618122 (s)
==done==
Reynolds number:		3.377243280411E+00
Elapsed Init time:			0.024869 (s)
Elapsed Compute time:			826.129949 (s)
Elapsed Collate time:			0.000001 (s)
Elapsed Total time:			826.154819 (s)
==done==
Reynolds number:		9.756194114685E+00
Elapsed Init time:			0.000758 (s)
Elapsed Compute time:			5.390156 (s)
Elapsed Collate time:			0.000000 (s)
Elapsed Total time:			5.390914 (s)
==done==
Reynolds number:		1.006129741669E+01
Elapsed Init time:			0.003188 (s)
Elapsed Compute time:			56.642306 (s)
Elapsed Collate time:			0.000000 (s)
Elapsed Total time:			56.645494 (s)
==done==
Reynolds number:		3.376078367233E+00
Elapsed Init time:			0.066774 (s)
Elapsed Compute time:			249.238711 (s)
Elapsed Collate time:			0.000000 (s)
Elapsed Total time:			249.305485 (s)
==done==
Reynolds number:		9.758120536804E+00
Elapsed Init time:			0.001365 (s)
Elapsed Compute time:			14.235444 (s)
Elapsed Collate time:			0.000000 (s)
Elapsed Total time:			14.236809 (s)
==done==
Reynolds number:		1.006668758392E+01
Elapsed Init time:			0.003431 (s)
Elapsed Compute time:			113.133985 (s)
Elapsed Collate time:			0.000000 (s)
Elapsed Total time:			113.137416 (s)
==done==
Reynolds number:		3.376781940460E+00
Elapsed Init time:			0.016096 (s)
Elapsed Compute time:			473.498244 (s)
Elapsed Collate time:			0.000000 (s)
Elapsed Total time:			473.514340 (s)
