Running on host compute242.bc4.acrc.priv
Time is Sat Mar 4 01:34:03 GMT 2023
Directory is /user/home/yf20630/lab1/advanced-hpc-lbm
Slurm job ID is 11253551
This job runs on the following machines:
compute242
==done==
Reynolds number:		9.758120536804E+00
Elapsed Init time:			0.001456 (s)
Elapsed Compute time:			18.267541 (s)
Elapsed Collate time:			0.000000 (s)
Elapsed Total time:			18.268997 (s)
==done==
Reynolds number:		3.717261123657E+01
Elapsed Init time:			0.003632 (s)
Elapsed Compute time:			36.915743 (s)
Elapsed Collate time:			0.000000 (s)
Elapsed Total time:			36.919375 (s)
==done==
Reynolds number:		1.006668758392E+01
Elapsed Init time:			0.003170 (s)
Elapsed Compute time:			146.576086 (s)
Elapsed Collate time:			0.000000 (s)
Elapsed Total time:			146.579256 (s)
==done==
Reynolds number:		3.376781940460E+00
Elapsed Init time:			0.097706 (s)
Elapsed Compute time:			607.435028 (s)
Elapsed Collate time:			0.000000 (s)
Elapsed Total time:			607.532734 (s)
