icc version 19.1.3.304 (gcc version 10.4.0 compatibility)
Using built-in specs.
COLLECT_GCC=gcc
COLLECT_LTO_WRAPPER=/mnt/storage/software/languages/gcc-10.4.0/libexec/gcc/x86_64-pc-linux-gnu/10.4.0/lto-wrapper
Target: x86_64-pc-linux-gnu
Configured with: ../gcc-10.4.0/configure --prefix=/mnt/storage/software/languages/gcc-10.4.0 --enable-languages=c,c++,fortran --with-gmp=/mnt/storage/software/languages/gcc-10.4.0 --with-mpfr=/mnt/storage/software/languages/gcc-10.4.0 --with-mpc=/mnt/storage/software/languages/gcc-10.4.0 --with-isl=/mnt/storage/software/languages/gcc-10.4.0 --disable-multilib
Thread model: posix
Supported LTO compression algorithms: zlib
gcc version 10.4.0 (GCC) 
CFLAGS="-std=c99 -Wall -O0"

gcc -std=c99 -Wall -O0 d2q9-bgk-original.c -lm -o d2q9-bgk-original
Submitted batch job 11252513
Running on host compute242.bc4.acrc.priv
Time is Fri Mar 3 17:16:33 GMT 2023
Directory is /user/home/yf20630/lab1/advanced-hpc-lbm
Slurm job ID is 11252513
This job runs on the following machines:
compute242
==done==
Reynolds number:		9.751927375793E+00
Elapsed Init time:			0.002099 (s)
Elapsed Compute time:			128.344446 (s)
Elapsed Collate time:			0.000000 (s)
Elapsed Total time:			128.346545 (s)
CFLAGS="-std=c99 -Wall -O1"

gcc -std=c99 -Wall -O1 d2q9-bgk-original.c -lm -o d2q9-bgk-original
Submitted batch job 11252515
Running on host compute242.bc4.acrc.priv
Time is Fri Mar 3 17:19:07 GMT 2023
Directory is /user/home/yf20630/lab1/advanced-hpc-lbm
Slurm job ID is 11252515
This job runs on the following machines:
compute242
==done==
Reynolds number:		9.751927375793E+00
Elapsed Init time:			0.001700 (s)
Elapsed Compute time:			32.771084 (s)
Elapsed Collate time:			0.000000 (s)
Elapsed Total time:			32.772784 (s)
CFLAGS="-std=c99 -Wall -O2"

gcc -std=c99 -Wall -O2 d2q9-bgk-original.c -lm -o d2q9-bgk-original
Submitted batch job 11252516
Running on host compute242.bc4.acrc.priv
Time is Fri Mar 3 17:20:02 GMT 2023
Directory is /user/home/yf20630/lab1/advanced-hpc-lbm
Slurm job ID is 11252516
This job runs on the following machines:
compute242
==done==
Reynolds number:		9.751927375793E+00
Elapsed Init time:			0.001490 (s)
Elapsed Compute time:			32.699723 (s)
Elapsed Collate time:			0.000000 (s)
Elapsed Total time:			32.701213 (s)
CFLAGS="-std=c99 -Wall -O3"

gcc -std=c99 -Wall -O3 d2q9-bgk-original.c -lm -o d2q9-bgk-original
Submitted batch job 11252518
Running on host compute243.bc4.acrc.priv
Time is Fri Mar 3 17:21:03 GMT 2023
Directory is /user/home/yf20630/lab1/advanced-hpc-lbm
Slurm job ID is 11252518
This job runs on the following machines:
compute243
==done==
Reynolds number:		9.751927375793E+00
Elapsed Init time:			0.001003 (s)
Elapsed Compute time:			32.815220 (s)
Elapsed Collate time:			0.000000 (s)
Elapsed Total time:			32.816223 (s)
CFLAGS="-std=c99 -Wall -Ofast"

gcc -std=c99 -Wall -Ofast d2q9-bgk-original.c -lm -o d2q9-bgk-original
Submitted batch job 11252526
Running on host compute522.bc4.acrc.priv
Time is Fri Mar 3 17:22:03 GMT 2023
Directory is /user/home/yf20630/lab1/advanced-hpc-lbm
Slurm job ID is 11252526
This job runs on the following machines:
compute522
==done==
Reynolds number:		9.757477760315E+00
Elapsed Init time:			0.085042 (s)
Elapsed Compute time:			27.435509 (s)
Elapsed Collate time:			0.000000 (s)
Elapsed Total time:			27.520551 (s)
CFLAGS="-std=c99 -Wall -Ofast -mtune=native"

gcc -std=c99 -Wall -Ofast -mtune=native d2q9-bgk-original.c -lm -o d2q9-bgk-original
Submitted batch job 11252529
Running on host compute242.bc4.acrc.priv
Time is Fri Mar 3 17:23:03 GMT 2023
Directory is /user/home/yf20630/lab1/advanced-hpc-lbm
Slurm job ID is 11252529
This job runs on the following machines:
compute242
==done==
Reynolds number:		9.757477760315E+00
Elapsed Init time:			0.001413 (s)
Elapsed Compute time:			27.271418 (s)
Elapsed Collate time:			0.000000 (s)
Elapsed Total time:			27.272831 (s)
icc version 19.1.3.304 (gcc version 10.4.0 compatibility)
Using built-in specs.
COLLECT_GCC=gcc
COLLECT_LTO_WRAPPER=/mnt/storage/software/languages/gcc-10.4.0/libexec/gcc/x86_64-pc-linux-gnu/10.4.0/lto-wrapper
Target: x86_64-pc-linux-gnu
Configured with: ../gcc-10.4.0/configure --prefix=/mnt/storage/software/languages/gcc-10.4.0 --enable-languages=c,c++,fortran --with-gmp=/mnt/storage/software/languages/gcc-10.4.0 --with-mpfr=/mnt/storage/software/languages/gcc-10.4.0 --with-mpc=/mnt/storage/software/languages/gcc-10.4.0 --with-isl=/mnt/storage/software/languages/gcc-10.4.0 --disable-multilib
Thread model: posix
Supported LTO compression algorithms: zlib
gcc version 10.4.0 (GCC) 
CFLAGS="-std=c99 -Wall -O0"

icc -std=c99 -Wall -O0 d2q9-bgk-original.c -lm -o d2q9-bgk-original
Submitted batch job 11252532
Running on host compute242.bc4.acrc.priv
Time is Fri Mar 3 17:24:03 GMT 2023
Directory is /user/home/yf20630/lab1/advanced-hpc-lbm
Slurm job ID is 11252532
This job runs on the following machines:
compute242
==done==
Reynolds number:		9.751927375793E+00
Elapsed Init time:			0.002067 (s)
Elapsed Compute time:			121.543932 (s)
Elapsed Collate time:			0.000000 (s)
Elapsed Total time:			121.545999 (s)
CFLAGS="-std=c99 -Wall -O1"

icc -std=c99 -Wall -O1 d2q9-bgk-original.c -lm -o d2q9-bgk-original
Submitted batch job 11252541
Running on host compute522.bc4.acrc.priv
Time is Fri Mar 3 17:26:32 GMT 2023
Directory is /user/home/yf20630/lab1/advanced-hpc-lbm
Slurm job ID is 11252541
This job runs on the following machines:
compute522
==done==
Reynolds number:		9.752348899841E+00
Elapsed Init time:			0.001347 (s)
Elapsed Compute time:			37.365190 (s)
Elapsed Collate time:			0.000000 (s)
Elapsed Total time:			37.366537 (s)
CFLAGS="-std=c99 -Wall -O2"

icc -std=c99 -Wall -O2 d2q9-bgk-original.c -lm -o d2q9-bgk-original
Submitted batch job 11252549
Running on host compute243.bc4.acrc.priv
Time is Fri Mar 3 17:27:33 GMT 2023
Directory is /user/home/yf20630/lab1/advanced-hpc-lbm
Slurm job ID is 11252549
This job runs on the following machines:
compute243
==done==
Reynolds number:		9.752280235291E+00
Elapsed Init time:			0.001512 (s)
Elapsed Compute time:			27.722200 (s)
Elapsed Collate time:			0.000000 (s)
Elapsed Total time:			27.723712 (s)
CFLAGS="-std=c99 -Wall -O3"

icc -std=c99 -Wall -O3 d2q9-bgk-original.c -lm -o d2q9-bgk-original
Submitted batch job 11252551
Running on host compute243.bc4.acrc.priv
Time is Fri Mar 3 17:28:33 GMT 2023
Directory is /user/home/yf20630/lab1/advanced-hpc-lbm
Slurm job ID is 11252551
This job runs on the following machines:
compute243
==done==
Reynolds number:		9.752280235291E+00
Elapsed Init time:			0.001492 (s)
Elapsed Compute time:			27.956448 (s)
Elapsed Collate time:			0.000000 (s)
Elapsed Total time:			27.957940 (s)
CFLAGS="-std=c99 -Wall -Ofast"

icc -std=c99 -Wall -Ofast d2q9-bgk-original.c -lm -o d2q9-bgk-original
Submitted batch job 11252554
Running on host compute242.bc4.acrc.priv
Time is Fri Mar 3 17:29:32 GMT 2023
Directory is /user/home/yf20630/lab1/advanced-hpc-lbm
Slurm job ID is 11252554
This job runs on the following machines:
compute242
==done==
Reynolds number:		9.757452964783E+00
Elapsed Init time:			0.001193 (s)
Elapsed Compute time:			23.987551 (s)
Elapsed Collate time:			0.000001 (s)
Elapsed Total time:			23.988745 (s)
CFLAGS="-std=c99 -Wall -Ofast -mtune=native"

icc -std=c99 -Wall -Ofast -mtune=native d2q9-bgk-original.c -lm -o d2q9-bgk-original
Submitted batch job 11252558
Running on host compute243.bc4.acrc.priv
Time is Fri Mar 3 17:30:32 GMT 2023
Directory is /user/home/yf20630/lab1/advanced-hpc-lbm
Slurm job ID is 11252558
This job runs on the following machines:
compute243
==done==
Reynolds number:		9.757452964783E+00
Elapsed Init time:			0.001494 (s)
Elapsed Compute time:			23.917860 (s)
Elapsed Collate time:			0.000000 (s)
Elapsed Total time:			23.919354 (s)
======ALL DONE======
