<?xml version="1.0" encoding="utf-8"?>
<log version="1.0" tool="runtool">

<msg id="1" tool="runtool">
  <type>log-start</type>
  <arg>2023/03/08 02:32:03</arg>
</msg>
<msg id="2" tool="runtool">
  <type>bandwidth-measurement-starts</type>
</msg>
<msg id="3" tool="runtool">
  <type>bandwidth-measurement-done</type>
</msg>
<msg id="4" tool="runtool">
  <type>collector-starts</type>
</msg>
<msg id="5" tool="runtool">
  <type>marker-file</type>
  <arg>/user/home/yf20630/lab1/advanced-hpc-lbm/advi-128/e000/trc000/trc000.advixe</arg>
</msg>
<msg id="6" tool="trc">
  <type>PROCESS_START</type>
  <arg>/user/home/yf20630/lab1/advanced-hpc-lbm/debug</arg>
  <arg>10084</arg>
  <severity>INFO</severity>
  <timestamp>Wed Mar  8 02:32:13 2023</timestamp>
</msg>
<msg id="7" tool="trc">
  <type>PROCESS_ANALYSIS_MODE</type>
  <arg>full</arg>
  <severity>INFO</severity>
  <timestamp>Wed Mar  8 02:32:14 2023</timestamp>
</msg>
<msg id="8" tool="trc">
  <type>LOAD_MODULE</type>
  <arg>/user/home/yf20630/lab1/advanced-hpc-lbm/debug</arg>
  <arg>0x400000</arg>
  <arg>0x60de5f</arg>
  <severity>INFO</severity>
  <timestamp>Wed Mar  8 02:32:14 2023</timestamp>
</msg>
<msg id="9" tool="trc">
  <type>LOAD_MODULE</type>
  <arg>/lib64/ld-linux-x86-64.so.2</arg>
  <arg>0x2b3d7fdd4000</arg>
  <arg>0x2b3d7fff714f</arg>
  <severity>INFO</severity>
  <timestamp>Wed Mar  8 02:32:14 2023</timestamp>
</msg>
<msg id="10" tool="trc">
  <type>LOAD_MODULE</type>
  <arg>[vdso]</arg>
  <arg>0x7ffe9f0be000</arg>
  <arg>0x7ffe9f0bee6c</arg>
  <severity>INFO</severity>
  <timestamp>Wed Mar  8 02:32:14 2023</timestamp>
</msg>
<msg id="11" tool="trc">
  <type>LOAD_MODULE</type>
  <arg>/lib64/libm.so.6</arg>
  <arg>0x2b3d948ba000</arg>
  <arg>0x2b3d94bbb137</arg>
  <severity>INFO</severity>
  <timestamp>Wed Mar  8 02:32:14 2023</timestamp>
</msg>
<msg id="12" tool="trc">
  <type>LOAD_MODULE</type>
  <arg>/mnt/storage/software/languages/intel/intel-parallel_studio_xe_2018_u3/compilers_and_libraries_2018.3.222/linux/compiler/lib/intel64/libiomp5.so</arg>
  <arg>0x2b3d94be4000</arg>
  <arg>0x2b3d94fbe03f</arg>
  <severity>INFO</severity>
  <timestamp>Wed Mar  8 02:32:14 2023</timestamp>
</msg>
<msg id="13" tool="trc">
  <type>LOAD_MODULE</type>
  <arg>/mnt/storage/software/languages/gcc-10.4.0/lib64/libgcc_s.so.1</arg>
  <arg>0x2b3d94fbf000</arg>
  <arg>0x2b3d951d6447</arg>
  <severity>INFO</severity>
  <timestamp>Wed Mar  8 02:32:14 2023</timestamp>
</msg>
<msg id="14" tool="trc">
  <type>LOAD_MODULE</type>
  <arg>/lib64/libpthread.so.0</arg>
  <arg>0x2b3d951d7000</arg>
  <arg>0x2b3d953f2487</arg>
  <severity>INFO</severity>
  <timestamp>Wed Mar  8 02:32:14 2023</timestamp>
</msg>
<msg id="15" tool="trc">
  <type>LOAD_MODULE</type>
  <arg>/lib64/libc.so.6</arg>
  <arg>0x2b3d953f3000</arg>
  <arg>0x2b3d957c01ff</arg>
  <severity>INFO</severity>
  <timestamp>Wed Mar  8 02:32:14 2023</timestamp>
</msg>
<msg id="16" tool="trc">
  <type>LOAD_MODULE</type>
  <arg>/lib64/libdl.so.2</arg>
  <arg>0x2b3d957c1000</arg>
  <arg>0x2b3d959c412f</arg>
  <severity>INFO</severity>
  <timestamp>Wed Mar  8 02:32:14 2023</timestamp>
</msg>
<msg id="17" tool="trc">
  <type>UNLOAD_MODULE</type>
  <arg>/user/home/yf20630/lab1/advanced-hpc-lbm/debug</arg>
  <severity>INFO</severity>
  <timestamp>Wed Mar  8 02:32:22 2023</timestamp>
</msg>
<msg id="18" tool="trc">
  <type>UNLOAD_MODULE</type>
  <arg>/lib64/ld-linux-x86-64.so.2</arg>
  <severity>INFO</severity>
  <timestamp>Wed Mar  8 02:32:22 2023</timestamp>
</msg>
<msg id="19" tool="trc">
  <type>UNLOAD_MODULE</type>
  <arg>[vdso]</arg>
  <severity>INFO</severity>
  <timestamp>Wed Mar  8 02:32:22 2023</timestamp>
</msg>
<msg id="20" tool="trc">
  <type>UNLOAD_MODULE</type>
  <arg>/lib64/libm.so.6</arg>
  <severity>INFO</severity>
  <timestamp>Wed Mar  8 02:32:22 2023</timestamp>
</msg>
<msg id="21" tool="trc">
  <type>UNLOAD_MODULE</type>
  <arg>/mnt/storage/software/languages/intel/intel-parallel_studio_xe_2018_u3/compilers_and_libraries_2018.3.222/linux/compiler/lib/intel64/libiomp5.so</arg>
  <severity>INFO</severity>
  <timestamp>Wed Mar  8 02:32:22 2023</timestamp>
</msg>
<msg id="22" tool="trc">
  <type>UNLOAD_MODULE</type>
  <arg>/mnt/storage/software/languages/gcc-10.4.0/lib64/libgcc_s.so.1</arg>
  <severity>INFO</severity>
  <timestamp>Wed Mar  8 02:32:22 2023</timestamp>
</msg>
<msg id="23" tool="trc">
  <type>UNLOAD_MODULE</type>
  <arg>/lib64/libpthread.so.0</arg>
  <severity>INFO</severity>
  <timestamp>Wed Mar  8 02:32:22 2023</timestamp>
</msg>
<msg id="24" tool="trc">
  <type>UNLOAD_MODULE</type>
  <arg>/lib64/libc.so.6</arg>
  <severity>INFO</severity>
  <timestamp>Wed Mar  8 02:32:22 2023</timestamp>
</msg>
<msg id="25" tool="trc">
  <type>UNLOAD_MODULE</type>
  <arg>/lib64/libdl.so.2</arg>
  <severity>INFO</severity>
  <timestamp>Wed Mar  8 02:32:22 2023</timestamp>
</msg>
<msg id="26" tool="trc">
  <type>PROCESS_FINISH</type>
  <arg>/user/home/yf20630/lab1/advanced-hpc-lbm/debug</arg>
  <arg>10084</arg>
  <arg>0x0</arg>
  <severity>INFO</severity>
  <timestamp>Wed Mar  8 02:32:22 2023</timestamp>
</msg>
<msg id="27" tool="runtool">
  <type>app-exit-code</type>
  <arg>0</arg>
</msg>
<msg id="28" tool="runtool">
  <type>marker-file</type>
  <arg>/user/home/yf20630/lab1/advanced-hpc-lbm/advi-128/e000/trc000/trc000.advixe</arg>
</msg>
<msg id="29" tool="runtool">
  <type>collector-done</type>
</msg>
<msg id="30" tool="runtool">
  <type>log-end</type>
  <arg>2023/03/08 02:32:26</arg>
</msg>

</log>

