<?xml version="1.0" encoding="utf-8"?>
<log version="1.0" tool="runtool">

<msg id="1" tool="runtool">
  <type>log-start</type>
  <arg>2023/02/28 16:35:29</arg>
</msg>
<msg id="2" tool="runtool">
  <type>bandwidth-measurement-starts</type>
</msg>
<msg id="3" tool="runtool">
  <type>bandwidth-measurement-done</type>
</msg>
<msg id="4" tool="runtool">
  <type>collector-starts</type>
</msg>
<msg id="5" tool="runtool">
  <type>marker-file</type>
  <arg>/user/home/yf20630/lab1/advanced-hpc-lbm/e000/trc000/trc000.advixe</arg>
</msg>
<msg id="6" tool="trc">
  <type>PROCESS_START</type>
  <arg>/user/home/yf20630/lab1/advanced-hpc-lbm/debug</arg>
  <arg>27335</arg>
  <severity>INFO</severity>
  <timestamp>Tue Feb 28 16:35:45 2023</timestamp>
</msg>
<msg id="7" tool="trc">
  <type>PROCESS_ANALYSIS_MODE</type>
  <arg>full</arg>
  <severity>INFO</severity>
  <timestamp>Tue Feb 28 16:35:45 2023</timestamp>
</msg>
<msg id="8" tool="trc">
  <type>LOAD_MODULE</type>
  <arg>/user/home/yf20630/lab1/advanced-hpc-lbm/debug</arg>
  <arg>0x400000</arg>
  <arg>0x60ac0f</arg>
  <arg>yes</arg>
  <severity>INFO</severity>
  <timestamp>Tue Feb 28 16:35:45 2023</timestamp>
</msg>
<msg id="9" tool="trc">
  <type>LOAD_MODULE</type>
  <arg>/lib64/ld-linux-x86-64.so.2</arg>
  <arg>0x2aca40ba8000</arg>
  <arg>0x2aca40dcb14f</arg>
  <arg>yes</arg>
  <severity>INFO</severity>
  <timestamp>Tue Feb 28 16:35:45 2023</timestamp>
</msg>
<msg id="10" tool="trc">
  <type>LOAD_MODULE</type>
  <arg>[vdso]</arg>
  <arg>0x7ffec49f8000</arg>
  <arg>0x7ffec49f8e6c</arg>
  <arg>no</arg>
  <severity>INFO</severity>
  <timestamp>Tue Feb 28 16:35:45 2023</timestamp>
</msg>
<msg id="11" tool="trc">
  <type>LOAD_MODULE</type>
  <arg>/lib64/libm.so.6</arg>
  <arg>0x2aca58e11000</arg>
  <arg>0x2aca59112137</arg>
  <arg>yes</arg>
  <severity>INFO</severity>
  <timestamp>Tue Feb 28 16:35:46 2023</timestamp>
</msg>
<msg id="12" tool="trc">
  <type>LOAD_MODULE</type>
  <arg>/mnt/storage/software/languages/intel/intel-parallel_studio_xe_2020_u4/compilers_and_libraries_2020.4.304/linux/compiler/lib/intel64_lin/libiomp5.so</arg>
  <arg>0x2aca59131000</arg>
  <arg>0x2aca595361ff</arg>
  <arg>yes</arg>
  <severity>INFO</severity>
  <timestamp>Tue Feb 28 16:35:46 2023</timestamp>
</msg>
<msg id="13" tool="trc">
  <type>LOAD_MODULE</type>
  <arg>/mnt/storage/easybuild/software/GCCcore/5.4.0/lib64/libgcc_s.so.1</arg>
  <arg>0x2aca59537000</arg>
  <arg>0x2aca5954d8ff</arg>
  <arg>yes</arg>
  <severity>INFO</severity>
  <timestamp>Tue Feb 28 16:35:46 2023</timestamp>
</msg>
<msg id="14" tool="trc">
  <type>LOAD_MODULE</type>
  <arg>/lib64/libpthread.so.0</arg>
  <arg>0x2aca5954e000</arg>
  <arg>0x2aca59769487</arg>
  <arg>yes</arg>
  <severity>INFO</severity>
  <timestamp>Tue Feb 28 16:35:46 2023</timestamp>
</msg>
<msg id="15" tool="trc">
  <type>LOAD_MODULE</type>
  <arg>/lib64/libc.so.6</arg>
  <arg>0x2aca5976a000</arg>
  <arg>0x2aca59b371ff</arg>
  <arg>yes</arg>
  <severity>INFO</severity>
  <timestamp>Tue Feb 28 16:35:46 2023</timestamp>
</msg>
<msg id="16" tool="trc">
  <type>LOAD_MODULE</type>
  <arg>/lib64/libdl.so.2</arg>
  <arg>0x2aca59b38000</arg>
  <arg>0x2aca59d3b12f</arg>
  <arg>yes</arg>
  <severity>INFO</severity>
  <timestamp>Tue Feb 28 16:35:46 2023</timestamp>
</msg>
<msg id="17" tool="trc">
  <type>LOAD_MODULE</type>
  <arg>/mnt/storage/software/languages/intel/intel-parallel_studio_xe_2020_u4/advisor_2020.3.0.607294/lib64/runtime/libittnotify.so</arg>
  <arg>0x2aca5acd2000</arg>
  <arg>0x2aca5aede65f</arg>
  <arg>no</arg>
  <severity>INFO</severity>
  <timestamp>Tue Feb 28 16:35:46 2023</timestamp>
</msg>
<msg id="18" tool="trc">
  <type>UNLOAD_MODULE</type>
  <arg>/user/home/yf20630/lab1/advanced-hpc-lbm/debug</arg>
  <severity>INFO</severity>
  <timestamp>Tue Feb 28 16:35:52 2023</timestamp>
</msg>
<msg id="19" tool="trc">
  <type>UNLOAD_MODULE</type>
  <arg>/lib64/ld-linux-x86-64.so.2</arg>
  <severity>INFO</severity>
  <timestamp>Tue Feb 28 16:35:52 2023</timestamp>
</msg>
<msg id="20" tool="trc">
  <type>UNLOAD_MODULE</type>
  <arg>[vdso]</arg>
  <severity>INFO</severity>
  <timestamp>Tue Feb 28 16:35:52 2023</timestamp>
</msg>
<msg id="21" tool="trc">
  <type>UNLOAD_MODULE</type>
  <arg>/lib64/libm.so.6</arg>
  <severity>INFO</severity>
  <timestamp>Tue Feb 28 16:35:52 2023</timestamp>
</msg>
<msg id="22" tool="trc">
  <type>UNLOAD_MODULE</type>
  <arg>/mnt/storage/software/languages/intel/intel-parallel_studio_xe_2020_u4/compilers_and_libraries_2020.4.304/linux/compiler/lib/intel64_lin/libiomp5.so</arg>
  <severity>INFO</severity>
  <timestamp>Tue Feb 28 16:35:52 2023</timestamp>
</msg>
<msg id="23" tool="trc">
  <type>UNLOAD_MODULE</type>
  <arg>/mnt/storage/easybuild/software/GCCcore/5.4.0/lib64/libgcc_s.so.1</arg>
  <severity>INFO</severity>
  <timestamp>Tue Feb 28 16:35:52 2023</timestamp>
</msg>
<msg id="24" tool="trc">
  <type>UNLOAD_MODULE</type>
  <arg>/lib64/libpthread.so.0</arg>
  <severity>INFO</severity>
  <timestamp>Tue Feb 28 16:35:52 2023</timestamp>
</msg>
<msg id="25" tool="trc">
  <type>UNLOAD_MODULE</type>
  <arg>/lib64/libc.so.6</arg>
  <severity>INFO</severity>
  <timestamp>Tue Feb 28 16:35:52 2023</timestamp>
</msg>
<msg id="26" tool="trc">
  <type>UNLOAD_MODULE</type>
  <arg>/lib64/libdl.so.2</arg>
  <severity>INFO</severity>
  <timestamp>Tue Feb 28 16:35:52 2023</timestamp>
</msg>
<msg id="27" tool="trc">
  <type>UNLOAD_MODULE</type>
  <arg>/mnt/storage/software/languages/intel/intel-parallel_studio_xe_2020_u4/advisor_2020.3.0.607294/lib64/runtime/libittnotify.so</arg>
  <severity>INFO</severity>
  <timestamp>Tue Feb 28 16:35:52 2023</timestamp>
</msg>
<msg id="28" tool="trc">
  <type>PROCESS_FINISH</type>
  <arg>/user/home/yf20630/lab1/advanced-hpc-lbm/debug</arg>
  <arg>27335</arg>
  <arg>0x0</arg>
  <severity>INFO</severity>
  <timestamp>Tue Feb 28 16:35:52 2023</timestamp>
</msg>
<msg id="29" tool="runtool">
  <type>app-exit-code</type>
  <arg>0</arg>
</msg>
<msg id="30" tool="runtool">
  <type>marker-file</type>
  <arg>/user/home/yf20630/lab1/advanced-hpc-lbm/e000/trc000/trc000.advixe</arg>
</msg>
<msg id="31" tool="runtool">
  <type>collector-done</type>
</msg>
<msg id="32" tool="runtool">
  <type>log-end</type>
  <arg>2023/02/28 16:35:56</arg>
</msg>

</log>

