22 [47698871180672] TRACE perfrun.launcher <> - ENTER: int main(int, char **)
26 [47698871180672] TRACE perfrun.launcher <> - ENTER: Start the collection
26 [47698871180672] INFO perfrun.launcher <> - argc = 7; cmdline = /mnt/storage/software/languages/intel/intel-parallel_studio_xe_2018_u3/advisor_2018.3.0.558307/bin64/advixe-runss --ui-output-format xml --ui-output-fd 8 --option-file /user/home/yf20630/lab1/advanced-hpc-lbm/advi/e000/hs000/config/runss.options 
28 [47698871180672] TRACE perfrun.launcher <> - ENTER: Initialize the launcher
31 [47698871180672] TRACE perfrun.launcher <> - ENTER: void runtool::CmdLineParser::declareOptions()
45 [47698871180672] TRACE perfrun.launcher <> - EXIT:  void runtool::CmdLineParser::declareOptions()
45 [47698871180672] TRACE perfrun.system <> - ENTER: static runtool::system::IController *runtool::system::IController::create()
45 [47698871180672] TRACE perfrun.system <> - ENTER: runtool::system::Controller::Controller()
45 [47698871180672] TRACE perfrun.system <> - EXIT:  runtool::system::Controller::Controller()
45 [47698871180672] TRACE perfrun.system <> - EXIT:  static runtool::system::IController *runtool::system::IController::create()
45 [47698871180672] INFO perfrun.launcher <> - plugin system has been added successfully
45 [47698871180672] INFO perfrun.launcher <> - plugin  has been added successfully
45 [47698871180672] INFO perfrun.launcher <> - plugin  has been added successfully
45 [47698871180672] INFO perfrun.launcher <> - plugin  has been added successfully
45 [47698871180672] INFO perfrun.launcher <> - plugin  has been added successfully
45 [47698871180672] INFO perfrun.launcher <> - plugin  has been added successfully
46 [47698871180672] INFO perfrun.launcher <> - plugin  has been added successfully
46 [47698871180672] INFO perfrun.launcher <> - plugin mrte has been added successfully
46 [47698871180672] INFO perfrun.launcher <> - plugin  has been added successfully
46 [47698871180672] INFO perfrun.launcher <> - plugin  has been added successfully
51 [47698871180672] INFO perfrun.launcher <> - plugin  has been added successfully
51 [47698871180672] INFO perfrun.launcher <> - plugin  has been added successfully
51 [47698871180672] INFO perfrun.launcher <> - plugin  has been added successfully
51 [47698871180672] TRACE perfrun.tpss <> - ENTER: static runtool::sdk::IController *runtool::tpss::IController::create()
51 [47698871180672] TRACE perfrun.tpss <> - ENTER: create tpss controller
51 [47698871180672] TRACE perfrun.tpss <> - EXIT:  create tpss controller
52 [47698871180672] TRACE perfrun.tpss <> - EXIT:  static runtool::sdk::IController *runtool::tpss::IController::create()
52 [47698871180672] INFO perfrun.launcher <> - plugin tpss has been added successfully
52 [47698871180672] INFO perfrun.launcher <> - plugin  has been added successfully
52 [47698871180672] INFO perfrun.launcher <> - plugin  has been added successfully
52 [47698871180672] INFO perfrun.launcher <> - plugin  has been added successfully
52 [47698871180672] INFO perfrun.launcher <> - plugin  has been added successfully
52 [47698871180672] INFO perfrun.launcher <> - plugin  has been added successfully
52 [47698871180672] INFO perfrun.launcher <> - plugin  has been added successfully
52 [47698871180672] INFO perfrun.launcher <> - the option was added --interval: Specify an interval of data collection (for example, sampling) in milliseconds.
52 [47698871180672] INFO perfrun.launcher <> - the option was added --follow-child: Profile process with or without children.
52 [47698871180672] INFO perfrun.launcher <> - the option was added --gelding: BADMSG: perfrun1.launcher.plugin_manager::gelding
52 [47698871180672] INFO perfrun.launcher <> - the option was added --time-source: Specify time source for measurement. Possible values: sys - wall clock time; tsc - time stamp counter; ext - time from an external source; auto - auto select accurate time source.
52 [47698871180672] INFO perfrun.launcher <> - the option was added --stack: Enable or disable collection of stacks.
52 [47698871180672] INFO perfrun.launcher <> - the option was added --stack-stitching: Enable or disable the stack stitching algorithm for Intel TBB-based applications.
52 [47698871180672] INFO perfrun.launcher <> - the option was added --type: Specify type of data to be collected. For example, --type cpu:counters,waiting:nostack,io.
52 [47698871180672] INFO perfrun.launcher <> - the option was added --mrte-mode: Specify Java/.NET/other managed runtime collection mode. Possible values: native - collect information only for native code; managed - collect information only for managed code; mixed - collect information for both managed and native code; auto - choose the mode based on binary type.
53 [47698871180672] INFO perfrun.launcher <> - the option was added --mrte-mode-list: List supported Java/.NET/other managed runtime collection modes.
53 [47698871180672] INFO perfrun.launcher <> - the option was added --mrte-type: Specify which managed runtimes to collect. Possible values: java - collect information for Java; dotnet - collect information for .NET; python - collect information for CPython. You can specify several values separated by comma.
53 [47698871180672] INFO perfrun.launcher <> - the option was added --mrte-type-list: List supported Java/.NET/other managed runtime types.
53 [47698871180672] INFO perfrun.launcher <> - the option was added --trace-strategy: Specify how to profile a process tree. <string> can be "<process>:trace:notrace" - profile the process but do not profile its children. Shorthand parameters: t - trace, nt - notrace. For example, "vtunedemo.exe:t:t".
53 [47698871180672] INFO perfrun.launcher <> - the option was added --collector: BADMSG: perfrun1.launcher.plugin_manager::collector
53 [47698871180672] INFO perfrun.launcher <> - the option was added --system-wide: Enable system-wide profiling. This mode may require additional permissions.
53 [47698871180672] INFO perfrun.launcher <> - the option was added --kvm-guest: Enable KVM guest OS profiling.
53 [47698871180672] INFO perfrun.launcher <> - the option was added --kvm-guest-kallsyms: Specify a local path to the /proc/kallsyms file copied from the guest OS for proper symbol resolution.
53 [47698871180672] INFO perfrun.launcher <> - the option was added --kvm-guest-modules: Specify a local path to the /proc/modules file copied from the guest OS for proper symbol resolution.
53 [47698871180672] INFO perfrun.launcher <> - the option was added --target-system: BADMSG: perfrun1.launcher.plugin_manager::target-system
53 [47698871180672] INFO perfrun.launcher <> - the option was added --dump-vdso: Dump [vdso] to result directory
53 [47698871180672] INFO perfrun.launcher <> - the option was added --bandwidth-limits: Measure bandwidth limits
53 [47698871180672] INFO perfrun.launcher <> - the option was added --bandwidth-strategy: Bandwidth limits determination specific properties (example: --bandwidth-strategy array-size=0,duration=500).
53 [47698871180672] INFO perfrun.launcher <> - the option was added --bandwidth-config: List of benchmarks to run.
53 [47698871180672] INFO perfrun.launcher <> - the option was added --benchmark-sync: Run synchronized bandwidth measurement.
53 [47698871180672] INFO perfrun.launcher <> - the option was added --system-collector-config: Specify subcollectors. Possible values: all, vdso, container, device-info, none.
54 [47698871180672] INFO perfrun.launcher <> - the option was added --stackwalk: Specify stack unwinding method. Possible values: online - unwind stacks during collection; offline - unwind stacks after collection is finished.
54 [47698871180672] INFO perfrun.launcher <> - the option was added --filter-include: Filter data during collection. Possible values: contended=<on|off> - filter out uncontended events; contended_nostack=<time> - filter out stacks for contended events that take less than <time> microseconds; wait=<time> - ignore transitions and blocks with wait time less than <time> microseconds; wait_nostack=<time> - filter out stacks for waits that take less than <time> microseconds.
54 [47698871180672] INFO perfrun.launcher <> - the option was added --debug-pin: Debug PIN tool and runtime.
54 [47698871180672] INFO perfrun.launcher <> - the option was added --debug-exception: Disallow the application to set own abnormal termination handler.
54 [47698871180672] INFO perfrun.launcher <> - the option was added --trace-type: Specify the trace file granularity. Possible values: per-thread - per-thread trace file generation; per-process - per-process trace file generation.
54 [47698871180672] INFO perfrun.launcher <> - the option was added --instrumentation-type: Specify type of instrumentation.
54 [47698871180672] INFO perfrun.launcher <> - the option was added --altstack: Enable or disable usage of altstacks for profiling signal handlers.
54 [47698871180672] INFO perfrun.launcher <> - the option was added --profiling-signal: Alternate profiling signal.
54 [47698871180672] INFO perfrun.launcher <> - the option was added --memory-strategy: Specify a minimal memory object size to be traced and a hash table size for faster objects search; for example: --memory-strategy obj-size-min=1024,hash-table-size=4096.
54 [47698871180672] TRACE perfrun.launcher <> - Update configuration: tmp directory = /tmp/advixe-tmp-yf20630
54 [47698871180672] TRACE perfrun.launcher <> - EXIT:  Initialize the launcher
55 [47698871180672] TRACE perfrun.launcher <> - ENTER: void runtool::CmdLineParser::parseOptionFile(const std::basic_string<char, std::char_traits<char>, std::allocator<char>> &)
58 [47698871180672] TRACE perfrun.launcher <> - EXIT:  void runtool::CmdLineParser::parseOptionFile(const std::basic_string<char, std::char_traits<char>, std::allocator<char>> &)
58 [47698871180672] INFO perfrun.launcher <> - create msngr2::ICliToolContext
58 [47698871180672] TRACE perfrun.launcher <> - ENTER: void runtool::CmdLineParser::validateParseResult() const
58 [47698871180672] TRACE perfrun.launcher <> - EXIT:  void runtool::CmdLineParser::validateParseResult() const
58 [47698871180672] TRACE perfrun.launcher <> - ENTER: void runtool::CmdLineParser::populate(runtool::IConfiguration *) const
58 [47698871180672] TRACE perfrun.launcher <> - Update configuration: action = start
58 [47698871180672] TRACE perfrun.launcher <> - Update configuration: collection type = launcher
58 [47698871180672] TRACE perfrun.launcher <> - Update configuration: quiet mode is enabled
58 [47698871180672] TRACE perfrun.launcher <> - Update configuration: compression level = 2
58 [47698871180672] TRACE perfrun.launcher <> - Update configuration: duration = 0 sec
58 [47698871180672] TRACE perfrun.launcher <> - Update configuration: data limit = 524288000 bytes
58 [47698871180672] TRACE perfrun.launcher <> - Update configuration: disc space limit = 0 bytes
58 [47698871180672] TRACE perfrun.launcher <> - Update configuration: return-app-exitcode = false
58 [47698871180672] TRACE perfrun.launcher <> - Update configuration: result directory = /user/home/yf20630/lab1/advanced-hpc-lbm/advi/e000/hs000
58 [47698871180672] TRACE perfrun.launcher <> - Update configuration: application = ./debug
58 [47698871180672] TRACE perfrun.launcher <> - Update configuration: application argument = input_128x128.params
58 [47698871180672] TRACE perfrun.launcher <> - Update configuration: application argument = obstacles_128x128.dat
58 [47698871180672] TRACE perfrun.launcher <> - [IN] option = interval; value = 10 !u32_t
58 [47698871180672] TRACE perfrun.launcher <> - [IN] option = follow-child; value = true !bool
58 [47698871180672] TRACE perfrun.launcher <> - [IN] option = gelding; value = false !bool
59 [47698871180672] TRACE perfrun.launcher <> - [IN] option = time-source; value = auto !ustring
59 [47698871180672] TRACE perfrun.launcher <> - [IN] option = stack; value = true !bool
59 [47698871180672] TRACE perfrun.launcher <> - [IN] option = stack-stitching; value = true !bool
59 [47698871180672] TRACE perfrun.launcher <> - [IN] option = type; value = cpu:stack !ustring
59 [47698871180672] TRACE perfrun.launcher <> - [IN] option = mrte-mode; value = auto !ustring
59 [47698871180672] TRACE perfrun.launcher <> - [IN] option = mrte-type; value = java !ustring
59 [47698871180672] TRACE perfrun.launcher <> - [IN] option = mrte-type; value = python !ustring
59 [47698871180672] TRACE perfrun.launcher <> - [IN] option = trace-strategy; value = ld-linux.so.2:notrace:notrace !ustring
59 [47698871180672] TRACE perfrun.launcher <> - [IN] option = trace-strategy; value = ld-linux-x86-64.so.2:notrace:notrace !ustring
59 [47698871180672] TRACE perfrun.launcher <> - [IN] option = collector; value = sep !ustring
59 [47698871180672] TRACE perfrun.launcher <> - [IN] option = system-wide; value = false !bool
59 [47698871180672] TRACE perfrun.launcher <> - [IN] option = kvm-guest; value = false !bool
59 [47698871180672] TRACE perfrun.launcher <> - [IN] option = bandwidth-limits; value = false !bool
59 [47698871180672] TRACE perfrun.launcher <> - [IN] option = benchmark-sync; value = false !bool
59 [47698871180672] TRACE perfrun.launcher <> - [IN] option = system-collector-config; value = all !ustring
59 [47698871180672] TRACE perfrun.launcher <> - [IN] option = stackwalk; value = offline !ustring
59 [47698871180672] TRACE perfrun.launcher <> - [IN] option = trace-type; value = per-thread !ustring
59 [47698871180672] TRACE perfrun.launcher <> - [IN] option = instrumentation-type; value = pin !ustring
59 [47698871180672] TRACE perfrun.launcher <> - [IN] option = altstack; value = true !bool
59 [47698871180672] TRACE perfrun.launcher <> - EXIT:  void runtool::CmdLineParser::populate(runtool::IConfiguration *) const
59 [47698987665152] TRACE perfrun.tpss <> - ENTER: void runtool::tpss::Controller::setMessageChannel(runtool::sdk::IMessageChannel *)
59 [47698987665152] TRACE perfrun.tpss <> - EXIT:  void runtool::tpss::Controller::setMessageChannel(runtool::sdk::IMessageChannel *)
59 [47698871180672] INFO perfrun.launcher <> - create file finder object
59 [47698987665152] TRACE perfrun.tpss <> - ENTER: void runtool::tpss::Controller::setRequestHandler(runtool::sdk::IRequestHandler *)
59 [47698987665152] TRACE perfrun.tpss <> - EXIT:  void runtool::tpss::Controller::setRequestHandler(runtool::sdk::IRequestHandler *)
59 [47698871180672] TRACE perfrun.launcher <> - Handle the user request: action = 0
59 [47698871180672] TRACE perfrun.launcher <> - ENTER: int runtool::Launcher::doStart()
59 [47698871180672] TRACE perfrun.launcher <> - ENTER: void runtool::Launcher::prepareLaunch()
59 [47698871180672] TRACE perfrun.launcher <> - ENTER: void runtool::Launcher::prepareResultDirectory()
59 [47698871180672] INFO perfrun.launcher <> - create a result directory: pattern = /user/home/yf20630/lab1/advanced-hpc-lbm/advi/e000/hs000 pid = 4294967295
64 [47698871180672] TRACE perfrun.sdk <> - ENTER: bool runtool::sdk::DirectoryInfo::isLocal() const
64 [47698871180672] INFO perfrun.sdk <> - checked that the directory /user/home/yf20630/lab1/advanced-hpc-lbm/advi/e000/hs000 is a local directory
65 [47698871180672] INFO perfrun.sdk <> - the directory /user/home/yf20630/lab1/advanced-hpc-lbm/advi/e000/hs000 is located on a share or its FS ID is unknown 1196443219
65 [47698871180672] TRACE perfrun.sdk <> - EXIT:  bool runtool::sdk::DirectoryInfo::isLocal() const
66 [47698871180672] INFO perfrun.launcher <> - Create a local result directory /tmp/advixe-tmp-yf20630/advixe-res-4791-184687944597979854 due to the user result path /user/home/yf20630/lab1/advanced-hpc-lbm/advi/e000/hs000 is located on a share
66 [47698871180672] TRACE perfrun.launcher <> - Update configuration: result directory = /tmp/advixe-tmp-yf20630/advixe-res-4791-184687944597979854
66 [47698871180672] INFO perfrun.launcher <> - create data directory = /tmp/advixe-tmp-yf20630/advixe-res-4791-184687944597979854/data.0
67 [47698871180672] INFO perfrun.launcher <> - create data directory = /user/home/yf20630/lab1/advanced-hpc-lbm/advi/e000/hs000/data.0
68 [47698871180672] TRACE perfrun.launcher <> - Update configuration: data directory = /tmp/advixe-tmp-yf20630/advixe-res-4791-184687944597979854/data.0
68 [47698871180672] TRACE perfrun.launcher <> - EXIT:  void runtool::Launcher::prepareResultDirectory()
71 [47698871180672] TRACE perfrun.launcher <> - IMessenger: send collection state with state = 11
71 [47698987665152] TRACE perfrun.launcher <> - Update configuration: follow child = 1
78 [47698987665152] TRACE perfrun.launcher <> - Update configuration: time source = 0
78 [47698987665152] TRACE perfrun.launcher <> - Update configuration: stack = 1
78 [47698987665152] TRACE perfrun.launcher <> - Update configuration: gelding = 0
78 [47698987665152] TRACE perfrun.launcher <> - Update configuration: stack stitching = 1
78 [47698987665152] TRACE perfrun.system <> - ENTER: int runtool::system::Controller::initialize(runtool::sdk::IConfiguration *)
78 [47698987665152] TRACE perfrun.system <> - ENTER: int runtool::system::TraceWriter::initialize(runtool::sdk::IConfiguration *, runtool::system::TraceWriter::Settings *)
78 [47698987665152] TRACE perfrun.sdk <> - 0x7924a02
81 [47698987665152] TRACE perfrun.sdk <> - ENTER: runtool::sdk::TraceFile::TraceFile(tpss_tmu_creator *, unsigned int, const std::basic_string<char, std::char_traits<char>, std::allocator<char>> &, bool)
81 [47698987665152] INFO perfrun.sdk <> - Allocating TMU :/tmp/advixe-tmp-yf20630/advixe-res-4791-184687944597979854/data.0/systemcollector-4791-bc4login2.bc4.acrc.priv.sc
81 [47698987665152] TRACE perfrun.sdk <> - EXIT:  runtool::sdk::TraceFile::TraceFile(tpss_tmu_creator *, unsigned int, const std::basic_string<char, std::char_traits<char>, std::allocator<char>> &, bool)
82 [47698987665152] TRACE perfrun.system <> - EXIT:  int runtool::system::TraceWriter::initialize(runtool::sdk::IConfiguration *, runtool::system::TraceWriter::Settings *)
82 [47698987665152] TRACE perfrun.system <> - EXIT:  int runtool::system::Controller::initialize(runtool::sdk::IConfiguration *)
82 [47698987665152] INFO perfrun.launcher <> - plugin [] was disabled because it doesn't support the given collection type.
82 [47698987665152] INFO perfrun.launcher <> - plugin [] was disabled because it doesn't support the given collection type.
82 [47698987665152] INFO perfrun.launcher <> - plugin [] was disabled because it doesn't support the given collection type.
82 [47698987665152] INFO perfrun.launcher <> - plugin [] was disabled because it doesn't support the given collection type.
82 [47698987665152] INFO perfrun.launcher <> - plugin [] was disabled because it doesn't support the given collection type.
82 [47698987665152] INFO perfrun.launcher <> - plugin [] was disabled because it doesn't support the given collection type.
82 [47698987665152] TRACE perfrun.mrte <> - ENTER: int runtool::mrte::Controller::initialize(runtool::sdk::IConfiguration *)
82 [47698987665152] TRACE perfrun.mrte <> - EXIT:  int runtool::mrte::Controller::initialize(runtool::sdk::IConfiguration *)
82 [47698987665152] INFO perfrun.launcher <> - plugin [mrte] was disabled because it doesn't support the given collection type.
82 [47698987665152] INFO perfrun.launcher <> - plugin [] was disabled because it doesn't support the given collection type.
82 [47698987665152] INFO perfrun.launcher <> - plugin [] was disabled because it doesn't support the given collection type.
82 [47698987665152] INFO perfrun.launcher <> - plugin [] was disabled because it doesn't support the given collection type.
82 [47698987665152] INFO perfrun.launcher <> - plugin [] was disabled because it doesn't support the given collection type.
82 [47698987665152] INFO perfrun.launcher <> - plugin [] was disabled because it doesn't support the given collection type.
82 [47698987665152] TRACE perfrun.tpss <> - ENTER: int runtool::tpss::Controller::initialize(runtool::sdk::IConfiguration *)
82 [47698987665152] INFO perfrun.tpss <> - initialize tpss controller
82 [47698987665152] TRACE perfrun.tpss <> - ENTER: bool runtool::tpss::Controller::configureCollectionMode(const std::basic_string<char, std::char_traits<char>, std::allocator<char>> &)
82 [47698987665152] INFO perfrun.tpss <> - configure collection mode: value = cpu:stack
82 [47698987665152] TRACE perfrun.tpss <> - EXIT:  bool runtool::tpss::Controller::configureCollectionMode(const std::basic_string<char, std::char_traits<char>, std::allocator<char>> &)
82 [47698987665152] TRACE perfrun.tpss <> - ENTER: tpss::trace_file_t runtool::tpss::castTraceFileType(const gen_helpers2::variant_t &)
82 [47698987665152] TRACE perfrun.tpss <> - EXIT:  tpss::trace_file_t runtool::tpss::castTraceFileType(const gen_helpers2::variant_t &)
82 [47698987665152] INFO perfrun.tpss <> - default obj-size-min=1024
82 [47698987665152] INFO perfrun.tpss <> - default hash-table-size=0
83 [47698987665152] TRACE perfrun.tpss <> - EXIT:  int runtool::tpss::Controller::initialize(runtool::sdk::IConfiguration *)
83 [47698987665152] INFO perfrun.launcher <> - plugin [] was disabled because it doesn't support the given collection type.
83 [47698987665152] INFO perfrun.launcher <> - plugin [] was disabled because it doesn't support the given collection type.
83 [47698987665152] INFO perfrun.launcher <> - plugin [] was disabled because it doesn't support the given collection type.
83 [47698987665152] INFO perfrun.launcher <> - plugin [] was disabled because it doesn't support the given collection type.
83 [47698987665152] INFO perfrun.launcher <> - plugin [] was disabled because it doesn't support the given collection type.
83 [47698987665152] INFO perfrun.launcher <> - plugin [] was disabled because it doesn't support the given collection type.
83 [47698871180672] TRACE perfrun.launcher <> - RpcServer was created for IPC filename = /user/home/yf20630/lab1/advanced-hpc-lbm/advi/e000/hs000/runtool.4791.ipc
83 [47698871180672] TRACE perfrun.launcher <> - RpcServer: setup all handlers at once
83 [47698871180672] TRACE perfrun.launcher <> - RpcServer: setup a handler for ICancelRequest
83 [47698871180672] TRACE perfrun.launcher <> - RpcServer: setup a handler for IPauseRequest
83 [47698871180672] TRACE perfrun.launcher <> - RpcServer: setup a handler for IResumeRequest
83 [47698871180672] TRACE perfrun.launcher <> - RpcServer: setup a handler for IStopRequest
83 [47698871180672] TRACE perfrun.launcher <> - RpcServer: setup a handler for IStatusRequest
83 [47698871180672] TRACE perfrun.launcher <> - RpcServer: setup a handler for IDetachRequest
83 [47698871180672] TRACE perfrun.launcher <> - RpcServer: setup a handler for IMarkRequest
83 [47698871180672] INFO perfrun.launcher <> - RpcServer: run RPC server to handle requests
84 [47698871180672] DEBUG perfrun.launcher <> - RpcServer: wrote information about the RPC server into the IPC file
84 [47698871180672] TRACE perfrun.launcher <> - EXIT:  void runtool::Launcher::prepareLaunch()
84 [47699025323776] TRACE perfrun.launcher <> - ENTER: RpcServer: the main loop handles RPC requests  from clients
84 [47698871180672] INFO perfrun.launcher <> - Launcher: command line to start before modification = ./debug input_128x128.params obstacles_128x128.dat
85 [47698987665152] TRACE perfrun.tpss <> - ENTER: void runtool::tpss::Controller::modifyCommandLine(std::basic_string<char, std::char_traits<char>, std::allocator<char>> &) const
88 [47698987665152] TRACE perfrun.tpss <> - EXIT:  void runtool::tpss::Controller::modifyCommandLine(std::basic_string<char, std::char_traits<char>, std::allocator<char>> &) const
88 [47698871180672] INFO perfrun.launcher <> - Launcher: command line to start after modification = /mnt/storage/software/languages/intel/intel-parallel_studio_xe_2018_u3/advisor_2018.3.0.558307/bin64/pin -error_file /tmp/advixe-tmp-yf20630/advixe-res-4791-184687944597979854/data.0/pinerr.tpsslog -detach_reattach -follow_execv -tool_load_option deepbind -t64 /mnt/storage/software/languages/intel/intel-parallel_studio_xe_2018_u3/advisor_2018.3.0.558307/lib64/libtpsstool.so -t /mnt/storage/software/languages/intel/intel-parallel_studio_xe_2018_u3/advisor_2018.3.0.558307/lib32/libtpsstool.so -server_name tpss_ipc.4791 -prd_dir /mnt/storage/software/languages/intel/intel-parallel_studio_xe_2018_u3/advisor_2018.3.0.558307 -- ./debug input_128x128.params obstacles_128x128.dat
88 [47698871180672] INFO perfrun.launcher <> - ProcessCreator object was created
88 [47698871180672] TRACE perfrun.launcher <> - ENTER: unsigned int runtool::ProcessCreator::start(bool)
90 [47698871180672] TRACE perfrun.launcher <> - EXIT:  unsigned int runtool::ProcessCreator::start(bool)
90 [47698871180672] INFO perfrun.launcher <> - Launcher: the process was started in suspend mode
90 [47698987665152] TRACE perfrun.system <> - ENTER: void runtool::system::Controller::onEvent(runtool::sdk::collection_state_t)
90 [47698987665152] TRACE perfrun.system <> - EXIT:  void runtool::system::Controller::onEvent(runtool::sdk::collection_state_t)
90 [47698987665152] TRACE perfrun.system <> - ENTER: bool runtool::system::Controller::start(unsigned int)
862 [47698987665152] INFO perfrun.system <> - Helper runtool '/mnt/storage/software/languages/intel/intel-parallel_studio_xe_2018_u3/advisor_2018.3.0.558307/bin32/advixe-runss -dump-vdso -r /tmp/advixe-tmp-yf20630/advixe-res-4791-184687944597979854 --tmp-dir /tmp/advixe-tmp-yf20630' returned 0
982 [47698987665152] INFO perfrun.system <> - Helper runtool '/mnt/storage/software/languages/intel/intel-parallel_studio_xe_2018_u3/advisor_2018.3.0.558307/bin64/advixe-runss -dump-vdso -r /tmp/advixe-tmp-yf20630/advixe-res-4791-184687944597979854 --tmp-dir /tmp/advixe-tmp-yf20630' returned 0
989 [47698987665152] TRACE perfrun.system <> - ENTER: bool runtool::system::getVideoAdapters(std::vector<runtool::system::gpu_adapter_t, std::allocator<runtool::system::gpu_adapter_t>> &)
1101 [47698987665152] TRACE perfrun.system <> - EXIT:  bool runtool::system::getVideoAdapters(std::vector<runtool::system::gpu_adapter_t, std::allocator<runtool::system::gpu_adapter_t>> &)
1101 [47698987665152] TRACE perfrun.sdk <> - ENTER: bool runtool::sdk::runSystemCmd(const std::basic_string<char, std::char_traits<char>, std::allocator<char>> &, std::basic_string<char, std::char_traits<char>, std::allocator<char>> *, bool, const std::basic_string<char, std::char_traits<char>, std::allocator<char>> &)
1101 [47698987665152] WARN perfrun.sdk <> - Failed to find xl binary on any of the system paths: /bin, /sbin, /usr/bin, /usr/sbin., at file: vcs/perfrun1/sdk/src/utils.cpp:433
1101 [47698987665152] TRACE perfrun.sdk <> - EXIT:  bool runtool::sdk::runSystemCmd(const std::basic_string<char, std::char_traits<char>, std::allocator<char>> &, std::basic_string<char, std::char_traits<char>, std::allocator<char>> *, bool, const std::basic_string<char, std::char_traits<char>, std::allocator<char>> &)
1108 [47698987665152] TRACE perfrun.system <> - EXIT:  bool runtool::system::Controller::start(unsigned int)
1108 [47698987665152] TRACE perfrun.tpss <> - ENTER: bool runtool::tpss::Controller::start(unsigned int)
1108 [47698987665152] INFO perfrun.tpss <> - start tpss controller for pid #4796
1159 [47698987665152] TRACE perfrun.tpss <> - EXIT:  bool runtool::tpss::Controller::start(unsigned int)
1159 [47698987665152] TRACE perfrun.system <> - ENTER: void runtool::system::Controller::onEvent(runtool::sdk::collection_state_t)
1159 [47698987665152] TRACE perfrun.system <> - EXIT:  void runtool::system::Controller::onEvent(runtool::sdk::collection_state_t)
1159 [47698871180672] INFO perfrun.launcher <> - Launcher: all plugins were started
1159 [47698871180672] TRACE perfrun.launcher <> - IMessenger: send collection state with state = 1
1159 [47698871180672] TRACE perfrun.launcher <> - ENTER: void runtool::Launcher::setupResumeAfterCallback()
1159 [47698871180672] TRACE perfrun.launcher <> - EXIT:  void runtool::Launcher::setupResumeAfterCallback()
1160 [47698871180672] TRACE perfrun.launcher <> - ENTER: void runtool::Launcher::setupHardStopCallbacks()
1160 [47698871180672] INFO perfrun.launcher <> - DirectoryMonitor object was created
1160 [47698871180672] INFO perfrun.launcher <> - DirectoryMonitor: a callback was added
1160 [47698871180672] INFO perfrun.launcher <> - DirectoryMonitor was started with pingTime = 1000
1160 [47698871180672] INFO perfrun.launcher <> - DeadlineTimer is going to be constructed
1160 [47698871180672] INFO perfrun.launcher <> - DeadlineTimer: a callback was added
1160 [47698871180672] TRACE perfrun.launcher <> - EXIT:  void runtool::Launcher::setupHardStopCallbacks()
1160 [47698871180672] TRACE perfrun.launcher <> - ENTER: void runtool::Launcher::setupDurationCallback(bool)
1160 [47698871180672] TRACE perfrun.launcher <> - EXIT:  void runtool::Launcher::setupDurationCallback(bool)
1166 [47698871180672] TRACE perfrun.launcher <> - ENTER: void runtool::ProcessCreator::resume()
1166 [47698871180672] DEBUG perfrun.launcher <> - ProcessCreator: the process with pid = 4796 is resumed
1179 [47698871180672] TRACE perfrun.launcher <> - EXIT:  void runtool::ProcessCreator::resume()
1179 [47698871180672] INFO perfrun.launcher <> - Launcher: resume the profiled application and  wait its termination or stop command
1179 [47698871180672] TRACE perfrun.launcher <> - ENTER: int runtool::ProcessCreator::wait()
1179 [47698871180672] TRACE perfrun.launcher <> - ENTER: int runtool::ProcessCreator::waitPid()
2160 [47699029526272] TRACE perfrun.launcher <> - ENTER: void runtool::DeadlineTimer::notify(const boost::system::error_code &)
2160 [47699029526272] TRACE perfrun.launcher <> - ENTER: void runtool::DirectoryMonitor::notifyAll()
2160 [47699029526272] TRACE perfrun.sdk <> - ENTER: void runtool::sdk::getFilesFromDirectoryByExt(const std::basic_string<char, std::char_traits<char>, std::allocator<char>> &, const std::basic_string<char, std::char_traits<char>, std::allocator<char>> &, std::list<std::basic_string<char, std::char_traits<char>, std::allocator<char>>, std::allocator<std::basic_string<char, std::char_traits<char>, std::allocator<char>>>> &)
2161 [47699029526272] TRACE perfrun.sdk <> - EXIT:  void runtool::sdk::getFilesFromDirectoryByExt(const std::basic_string<char, std::char_traits<char>, std::allocator<char>> &, const std::basic_string<char, std::char_traits<char>, std::allocator<char>> &, std::list<std::basic_string<char, std::char_traits<char>, std::allocator<char>>, std::allocator<std::basic_string<char, std::char_traits<char>, std::allocator<char>>>> &)
2162 [47699029526272] DEBUG perfrun.launcher <> - DirectoryInfo: total size of monitored paths is 0 bytes
2162 [47699029526272] TRACE perfrun.launcher <> - EXIT:  void runtool::DirectoryMonitor::notifyAll()
2162 [47699029526272] TRACE perfrun.launcher <> - EXIT:  void runtool::DeadlineTimer::notify(const boost::system::error_code &)
3162 [47699029526272] TRACE perfrun.launcher <> - ENTER: void runtool::DeadlineTimer::notify(const boost::system::error_code &)
3162 [47699029526272] TRACE perfrun.launcher <> - ENTER: void runtool::DirectoryMonitor::notifyAll()
3162 [47699029526272] TRACE perfrun.sdk <> - ENTER: void runtool::sdk::getFilesFromDirectoryByExt(const std::basic_string<char, std::char_traits<char>, std::allocator<char>> &, const std::basic_string<char, std::char_traits<char>, std::allocator<char>> &, std::list<std::basic_string<char, std::char_traits<char>, std::allocator<char>>, std::allocator<std::basic_string<char, std::char_traits<char>, std::allocator<char>>>> &)
3163 [47699029526272] TRACE perfrun.sdk <> - EXIT:  void runtool::sdk::getFilesFromDirectoryByExt(const std::basic_string<char, std::char_traits<char>, std::allocator<char>> &, const std::basic_string<char, std::char_traits<char>, std::allocator<char>> &, std::list<std::basic_string<char, std::char_traits<char>, std::allocator<char>>, std::allocator<std::basic_string<char, std::char_traits<char>, std::allocator<char>>>> &)
3163 [47699029526272] DEBUG perfrun.launcher <> - DirectoryInfo: total size of monitored paths is 0 bytes
3163 [47699029526272] TRACE perfrun.launcher <> - EXIT:  void runtool::DirectoryMonitor::notifyAll()
3163 [47699029526272] TRACE perfrun.launcher <> - EXIT:  void runtool::DeadlineTimer::notify(const boost::system::error_code &)
4163 [47699029526272] TRACE perfrun.launcher <> - ENTER: void runtool::DeadlineTimer::notify(const boost::system::error_code &)
4163 [47699029526272] TRACE perfrun.launcher <> - ENTER: void runtool::DirectoryMonitor::notifyAll()
4163 [47699029526272] TRACE perfrun.sdk <> - ENTER: void runtool::sdk::getFilesFromDirectoryByExt(const std::basic_string<char, std::char_traits<char>, std::allocator<char>> &, const std::basic_string<char, std::char_traits<char>, std::allocator<char>> &, std::list<std::basic_string<char, std::char_traits<char>, std::allocator<char>>, std::allocator<std::basic_string<char, std::char_traits<char>, std::allocator<char>>>> &)
4164 [47699029526272] TRACE perfrun.sdk <> - EXIT:  void runtool::sdk::getFilesFromDirectoryByExt(const std::basic_string<char, std::char_traits<char>, std::allocator<char>> &, const std::basic_string<char, std::char_traits<char>, std::allocator<char>> &, std::list<std::basic_string<char, std::char_traits<char>, std::allocator<char>>, std::allocator<std::basic_string<char, std::char_traits<char>, std::allocator<char>>>> &)
4164 [47699029526272] DEBUG perfrun.launcher <> - DirectoryInfo: total size of monitored paths is 0 bytes
4164 [47699029526272] TRACE perfrun.launcher <> - EXIT:  void runtool::DirectoryMonitor::notifyAll()
4164 [47699029526272] TRACE perfrun.launcher <> - EXIT:  void runtool::DeadlineTimer::notify(const boost::system::error_code &)
5164 [47699029526272] TRACE perfrun.launcher <> - ENTER: void runtool::DeadlineTimer::notify(const boost::system::error_code &)
5164 [47699029526272] TRACE perfrun.launcher <> - ENTER: void runtool::DirectoryMonitor::notifyAll()
5164 [47699029526272] TRACE perfrun.sdk <> - ENTER: void runtool::sdk::getFilesFromDirectoryByExt(const std::basic_string<char, std::char_traits<char>, std::allocator<char>> &, const std::basic_string<char, std::char_traits<char>, std::allocator<char>> &, std::list<std::basic_string<char, std::char_traits<char>, std::allocator<char>>, std::allocator<std::basic_string<char, std::char_traits<char>, std::allocator<char>>>> &)
5165 [47699029526272] TRACE perfrun.sdk <> - EXIT:  void runtool::sdk::getFilesFromDirectoryByExt(const std::basic_string<char, std::char_traits<char>, std::allocator<char>> &, const std::basic_string<char, std::char_traits<char>, std::allocator<char>> &, std::list<std::basic_string<char, std::char_traits<char>, std::allocator<char>>, std::allocator<std::basic_string<char, std::char_traits<char>, std::allocator<char>>>> &)
5165 [47699029526272] DEBUG perfrun.launcher <> - DirectoryInfo: total size of monitored paths is 0 bytes
5165 [47699029526272] TRACE perfrun.launcher <> - EXIT:  void runtool::DirectoryMonitor::notifyAll()
5165 [47699029526272] TRACE perfrun.launcher <> - EXIT:  void runtool::DeadlineTimer::notify(const boost::system::error_code &)
6165 [47699029526272] TRACE perfrun.launcher <> - ENTER: void runtool::DeadlineTimer::notify(const boost::system::error_code &)
6165 [47699029526272] TRACE perfrun.launcher <> - ENTER: void runtool::DirectoryMonitor::notifyAll()
6165 [47699029526272] TRACE perfrun.sdk <> - ENTER: void runtool::sdk::getFilesFromDirectoryByExt(const std::basic_string<char, std::char_traits<char>, std::allocator<char>> &, const std::basic_string<char, std::char_traits<char>, std::allocator<char>> &, std::list<std::basic_string<char, std::char_traits<char>, std::allocator<char>>, std::allocator<std::basic_string<char, std::char_traits<char>, std::allocator<char>>>> &)
6166 [47699029526272] TRACE perfrun.sdk <> - EXIT:  void runtool::sdk::getFilesFromDirectoryByExt(const std::basic_string<char, std::char_traits<char>, std::allocator<char>> &, const std::basic_string<char, std::char_traits<char>, std::allocator<char>> &, std::list<std::basic_string<char, std::char_traits<char>, std::allocator<char>>, std::allocator<std::basic_string<char, std::char_traits<char>, std::allocator<char>>>> &)
6166 [47699029526272] DEBUG perfrun.launcher <> - DirectoryInfo: total size of monitored paths is 0 bytes
6166 [47699029526272] TRACE perfrun.launcher <> - EXIT:  void runtool::DirectoryMonitor::notifyAll()
6166 [47699029526272] TRACE perfrun.launcher <> - EXIT:  void runtool::DeadlineTimer::notify(const boost::system::error_code &)
7167 [47699029526272] TRACE perfrun.launcher <> - ENTER: void runtool::DeadlineTimer::notify(const boost::system::error_code &)
7167 [47699029526272] TRACE perfrun.launcher <> - ENTER: void runtool::DirectoryMonitor::notifyAll()
7167 [47699029526272] TRACE perfrun.sdk <> - ENTER: void runtool::sdk::getFilesFromDirectoryByExt(const std::basic_string<char, std::char_traits<char>, std::allocator<char>> &, const std::basic_string<char, std::char_traits<char>, std::allocator<char>> &, std::list<std::basic_string<char, std::char_traits<char>, std::allocator<char>>, std::allocator<std::basic_string<char, std::char_traits<char>, std::allocator<char>>>> &)
7168 [47699029526272] TRACE perfrun.sdk <> - EXIT:  void runtool::sdk::getFilesFromDirectoryByExt(const std::basic_string<char, std::char_traits<char>, std::allocator<char>> &, const std::basic_string<char, std::char_traits<char>, std::allocator<char>> &, std::list<std::basic_string<char, std::char_traits<char>, std::allocator<char>>, std::allocator<std::basic_string<char, std::char_traits<char>, std::allocator<char>>>> &)
7168 [47699029526272] DEBUG perfrun.launcher <> - DirectoryInfo: total size of monitored paths is 0 bytes
7168 [47699029526272] TRACE perfrun.launcher <> - EXIT:  void runtool::DirectoryMonitor::notifyAll()
7168 [47699029526272] TRACE perfrun.launcher <> - EXIT:  void runtool::DeadlineTimer::notify(const boost::system::error_code &)
8168 [47699029526272] TRACE perfrun.launcher <> - ENTER: void runtool::DeadlineTimer::notify(const boost::system::error_code &)
8168 [47699029526272] TRACE perfrun.launcher <> - ENTER: void runtool::DirectoryMonitor::notifyAll()
8168 [47699029526272] TRACE perfrun.sdk <> - ENTER: void runtool::sdk::getFilesFromDirectoryByExt(const std::basic_string<char, std::char_traits<char>, std::allocator<char>> &, const std::basic_string<char, std::char_traits<char>, std::allocator<char>> &, std::list<std::basic_string<char, std::char_traits<char>, std::allocator<char>>, std::allocator<std::basic_string<char, std::char_traits<char>, std::allocator<char>>>> &)
8169 [47699029526272] TRACE perfrun.sdk <> - EXIT:  void runtool::sdk::getFilesFromDirectoryByExt(const std::basic_string<char, std::char_traits<char>, std::allocator<char>> &, const std::basic_string<char, std::char_traits<char>, std::allocator<char>> &, std::list<std::basic_string<char, std::char_traits<char>, std::allocator<char>>, std::allocator<std::basic_string<char, std::char_traits<char>, std::allocator<char>>>> &)
8169 [47699029526272] DEBUG perfrun.launcher <> - DirectoryInfo: total size of monitored paths is 0 bytes
8169 [47699029526272] TRACE perfrun.launcher <> - EXIT:  void runtool::DirectoryMonitor::notifyAll()
8169 [47699029526272] TRACE perfrun.launcher <> - EXIT:  void runtool::DeadlineTimer::notify(const boost::system::error_code &)
9169 [47699029526272] TRACE perfrun.launcher <> - ENTER: void runtool::DeadlineTimer::notify(const boost::system::error_code &)
9169 [47699029526272] TRACE perfrun.launcher <> - ENTER: void runtool::DirectoryMonitor::notifyAll()
9169 [47699029526272] TRACE perfrun.sdk <> - ENTER: void runtool::sdk::getFilesFromDirectoryByExt(const std::basic_string<char, std::char_traits<char>, std::allocator<char>> &, const std::basic_string<char, std::char_traits<char>, std::allocator<char>> &, std::list<std::basic_string<char, std::char_traits<char>, std::allocator<char>>, std::allocator<std::basic_string<char, std::char_traits<char>, std::allocator<char>>>> &)
9170 [47699029526272] TRACE perfrun.sdk <> - EXIT:  void runtool::sdk::getFilesFromDirectoryByExt(const std::basic_string<char, std::char_traits<char>, std::allocator<char>> &, const std::basic_string<char, std::char_traits<char>, std::allocator<char>> &, std::list<std::basic_string<char, std::char_traits<char>, std::allocator<char>>, std::allocator<std::basic_string<char, std::char_traits<char>, std::allocator<char>>>> &)
9170 [47699029526272] DEBUG perfrun.launcher <> - DirectoryInfo: total size of monitored paths is 0 bytes
9170 [47699029526272] TRACE perfrun.launcher <> - EXIT:  void runtool::DirectoryMonitor::notifyAll()
9170 [47699029526272] TRACE perfrun.launcher <> - EXIT:  void runtool::DeadlineTimer::notify(const boost::system::error_code &)
10170 [47699029526272] TRACE perfrun.launcher <> - ENTER: void runtool::DeadlineTimer::notify(const boost::system::error_code &)
10170 [47699029526272] TRACE perfrun.launcher <> - ENTER: void runtool::DirectoryMonitor::notifyAll()
10170 [47699029526272] TRACE perfrun.sdk <> - ENTER: void runtool::sdk::getFilesFromDirectoryByExt(const std::basic_string<char, std::char_traits<char>, std::allocator<char>> &, const std::basic_string<char, std::char_traits<char>, std::allocator<char>> &, std::list<std::basic_string<char, std::char_traits<char>, std::allocator<char>>, std::allocator<std::basic_string<char, std::char_traits<char>, std::allocator<char>>>> &)
10171 [47699029526272] TRACE perfrun.sdk <> - EXIT:  void runtool::sdk::getFilesFromDirectoryByExt(const std::basic_string<char, std::char_traits<char>, std::allocator<char>> &, const std::basic_string<char, std::char_traits<char>, std::allocator<char>> &, std::list<std::basic_string<char, std::char_traits<char>, std::allocator<char>>, std::allocator<std::basic_string<char, std::char_traits<char>, std::allocator<char>>>> &)
10171 [47699029526272] DEBUG perfrun.launcher <> - DirectoryInfo: total size of monitored paths is 0 bytes
10171 [47699029526272] TRACE perfrun.launcher <> - EXIT:  void runtool::DirectoryMonitor::notifyAll()
10171 [47699029526272] TRACE perfrun.launcher <> - EXIT:  void runtool::DeadlineTimer::notify(const boost::system::error_code &)
11171 [47699029526272] TRACE perfrun.launcher <> - ENTER: void runtool::DeadlineTimer::notify(const boost::system::error_code &)
11171 [47699029526272] TRACE perfrun.launcher <> - ENTER: void runtool::DirectoryMonitor::notifyAll()
11171 [47699029526272] TRACE perfrun.sdk <> - ENTER: void runtool::sdk::getFilesFromDirectoryByExt(const std::basic_string<char, std::char_traits<char>, std::allocator<char>> &, const std::basic_string<char, std::char_traits<char>, std::allocator<char>> &, std::list<std::basic_string<char, std::char_traits<char>, std::allocator<char>>, std::allocator<std::basic_string<char, std::char_traits<char>, std::allocator<char>>>> &)
11172 [47699029526272] TRACE perfrun.sdk <> - EXIT:  void runtool::sdk::getFilesFromDirectoryByExt(const std::basic_string<char, std::char_traits<char>, std::allocator<char>> &, const std::basic_string<char, std::char_traits<char>, std::allocator<char>> &, std::list<std::basic_string<char, std::char_traits<char>, std::allocator<char>>, std::allocator<std::basic_string<char, std::char_traits<char>, std::allocator<char>>>> &)
11172 [47699029526272] DEBUG perfrun.launcher <> - DirectoryInfo: total size of monitored paths is 0 bytes
11172 [47699029526272] TRACE perfrun.launcher <> - EXIT:  void runtool::DirectoryMonitor::notifyAll()
11172 [47699029526272] TRACE perfrun.launcher <> - EXIT:  void runtool::DeadlineTimer::notify(const boost::system::error_code &)
12172 [47699029526272] TRACE perfrun.launcher <> - ENTER: void runtool::DeadlineTimer::notify(const boost::system::error_code &)
12172 [47699029526272] TRACE perfrun.launcher <> - ENTER: void runtool::DirectoryMonitor::notifyAll()
12172 [47699029526272] TRACE perfrun.sdk <> - ENTER: void runtool::sdk::getFilesFromDirectoryByExt(const std::basic_string<char, std::char_traits<char>, std::allocator<char>> &, const std::basic_string<char, std::char_traits<char>, std::allocator<char>> &, std::list<std::basic_string<char, std::char_traits<char>, std::allocator<char>>, std::allocator<std::basic_string<char, std::char_traits<char>, std::allocator<char>>>> &)
12173 [47699029526272] TRACE perfrun.sdk <> - EXIT:  void runtool::sdk::getFilesFromDirectoryByExt(const std::basic_string<char, std::char_traits<char>, std::allocator<char>> &, const std::basic_string<char, std::char_traits<char>, std::allocator<char>> &, std::list<std::basic_string<char, std::char_traits<char>, std::allocator<char>>, std::allocator<std::basic_string<char, std::char_traits<char>, std::allocator<char>>>> &)
12173 [47699029526272] DEBUG perfrun.launcher <> - DirectoryInfo: total size of monitored paths is 0 bytes
12173 [47699029526272] TRACE perfrun.launcher <> - EXIT:  void runtool::DirectoryMonitor::notifyAll()
12173 [47699029526272] TRACE perfrun.launcher <> - EXIT:  void runtool::DeadlineTimer::notify(const boost::system::error_code &)
13173 [47699029526272] TRACE perfrun.launcher <> - ENTER: void runtool::DeadlineTimer::notify(const boost::system::error_code &)
13174 [47699029526272] TRACE perfrun.launcher <> - ENTER: void runtool::DirectoryMonitor::notifyAll()
13174 [47699029526272] TRACE perfrun.sdk <> - ENTER: void runtool::sdk::getFilesFromDirectoryByExt(const std::basic_string<char, std::char_traits<char>, std::allocator<char>> &, const std::basic_string<char, std::char_traits<char>, std::allocator<char>> &, std::list<std::basic_string<char, std::char_traits<char>, std::allocator<char>>, std::allocator<std::basic_string<char, std::char_traits<char>, std::allocator<char>>>> &)
13174 [47699029526272] TRACE perfrun.sdk <> - EXIT:  void runtool::sdk::getFilesFromDirectoryByExt(const std::basic_string<char, std::char_traits<char>, std::allocator<char>> &, const std::basic_string<char, std::char_traits<char>, std::allocator<char>> &, std::list<std::basic_string<char, std::char_traits<char>, std::allocator<char>>, std::allocator<std::basic_string<char, std::char_traits<char>, std::allocator<char>>>> &)
13174 [47699029526272] DEBUG perfrun.launcher <> - DirectoryInfo: total size of monitored paths is 0 bytes
13174 [47699029526272] TRACE perfrun.launcher <> - EXIT:  void runtool::DirectoryMonitor::notifyAll()
13175 [47699029526272] TRACE perfrun.launcher <> - EXIT:  void runtool::DeadlineTimer::notify(const boost::system::error_code &)
14175 [47699029526272] TRACE perfrun.launcher <> - ENTER: void runtool::DeadlineTimer::notify(const boost::system::error_code &)
14175 [47699029526272] TRACE perfrun.launcher <> - ENTER: void runtool::DirectoryMonitor::notifyAll()
14175 [47699029526272] TRACE perfrun.sdk <> - ENTER: void runtool::sdk::getFilesFromDirectoryByExt(const std::basic_string<char, std::char_traits<char>, std::allocator<char>> &, const std::basic_string<char, std::char_traits<char>, std::allocator<char>> &, std::list<std::basic_string<char, std::char_traits<char>, std::allocator<char>>, std::allocator<std::basic_string<char, std::char_traits<char>, std::allocator<char>>>> &)
14176 [47699029526272] TRACE perfrun.sdk <> - EXIT:  void runtool::sdk::getFilesFromDirectoryByExt(const std::basic_string<char, std::char_traits<char>, std::allocator<char>> &, const std::basic_string<char, std::char_traits<char>, std::allocator<char>> &, std::list<std::basic_string<char, std::char_traits<char>, std::allocator<char>>, std::allocator<std::basic_string<char, std::char_traits<char>, std::allocator<char>>>> &)
14176 [47699029526272] DEBUG perfrun.launcher <> - DirectoryInfo: total size of monitored paths is 0 bytes
14176 [47699029526272] TRACE perfrun.launcher <> - EXIT:  void runtool::DirectoryMonitor::notifyAll()
14176 [47699029526272] TRACE perfrun.launcher <> - EXIT:  void runtool::DeadlineTimer::notify(const boost::system::error_code &)
15176 [47699029526272] TRACE perfrun.launcher <> - ENTER: void runtool::DeadlineTimer::notify(const boost::system::error_code &)
15176 [47699029526272] TRACE perfrun.launcher <> - ENTER: void runtool::DirectoryMonitor::notifyAll()
15176 [47699029526272] TRACE perfrun.sdk <> - ENTER: void runtool::sdk::getFilesFromDirectoryByExt(const std::basic_string<char, std::char_traits<char>, std::allocator<char>> &, const std::basic_string<char, std::char_traits<char>, std::allocator<char>> &, std::list<std::basic_string<char, std::char_traits<char>, std::allocator<char>>, std::allocator<std::basic_string<char, std::char_traits<char>, std::allocator<char>>>> &)
15177 [47699029526272] TRACE perfrun.sdk <> - EXIT:  void runtool::sdk::getFilesFromDirectoryByExt(const std::basic_string<char, std::char_traits<char>, std::allocator<char>> &, const std::basic_string<char, std::char_traits<char>, std::allocator<char>> &, std::list<std::basic_string<char, std::char_traits<char>, std::allocator<char>>, std::allocator<std::basic_string<char, std::char_traits<char>, std::allocator<char>>>> &)
15177 [47699029526272] DEBUG perfrun.launcher <> - DirectoryInfo: total size of monitored paths is 0 bytes
15177 [47699029526272] TRACE perfrun.launcher <> - EXIT:  void runtool::DirectoryMonitor::notifyAll()
15177 [47699029526272] TRACE perfrun.launcher <> - EXIT:  void runtool::DeadlineTimer::notify(const boost::system::error_code &)
16177 [47699029526272] TRACE perfrun.launcher <> - ENTER: void runtool::DeadlineTimer::notify(const boost::system::error_code &)
16177 [47699029526272] TRACE perfrun.launcher <> - ENTER: void runtool::DirectoryMonitor::notifyAll()
16177 [47699029526272] TRACE perfrun.sdk <> - ENTER: void runtool::sdk::getFilesFromDirectoryByExt(const std::basic_string<char, std::char_traits<char>, std::allocator<char>> &, const std::basic_string<char, std::char_traits<char>, std::allocator<char>> &, std::list<std::basic_string<char, std::char_traits<char>, std::allocator<char>>, std::allocator<std::basic_string<char, std::char_traits<char>, std::allocator<char>>>> &)
16178 [47699029526272] TRACE perfrun.sdk <> - EXIT:  void runtool::sdk::getFilesFromDirectoryByExt(const std::basic_string<char, std::char_traits<char>, std::allocator<char>> &, const std::basic_string<char, std::char_traits<char>, std::allocator<char>> &, std::list<std::basic_string<char, std::char_traits<char>, std::allocator<char>>, std::allocator<std::basic_string<char, std::char_traits<char>, std::allocator<char>>>> &)
16178 [47699029526272] DEBUG perfrun.launcher <> - DirectoryInfo: total size of monitored paths is 0 bytes
16178 [47699029526272] TRACE perfrun.launcher <> - EXIT:  void runtool::DirectoryMonitor::notifyAll()
16178 [47699029526272] TRACE perfrun.launcher <> - EXIT:  void runtool::DeadlineTimer::notify(const boost::system::error_code &)
17178 [47699029526272] TRACE perfrun.launcher <> - ENTER: void runtool::DeadlineTimer::notify(const boost::system::error_code &)
17178 [47699029526272] TRACE perfrun.launcher <> - ENTER: void runtool::DirectoryMonitor::notifyAll()
17178 [47699029526272] TRACE perfrun.sdk <> - ENTER: void runtool::sdk::getFilesFromDirectoryByExt(const std::basic_string<char, std::char_traits<char>, std::allocator<char>> &, const std::basic_string<char, std::char_traits<char>, std::allocator<char>> &, std::list<std::basic_string<char, std::char_traits<char>, std::allocator<char>>, std::allocator<std::basic_string<char, std::char_traits<char>, std::allocator<char>>>> &)
17179 [47699029526272] TRACE perfrun.sdk <> - EXIT:  void runtool::sdk::getFilesFromDirectoryByExt(const std::basic_string<char, std::char_traits<char>, std::allocator<char>> &, const std::basic_string<char, std::char_traits<char>, std::allocator<char>> &, std::list<std::basic_string<char, std::char_traits<char>, std::allocator<char>>, std::allocator<std::basic_string<char, std::char_traits<char>, std::allocator<char>>>> &)
17179 [47699029526272] DEBUG perfrun.launcher <> - DirectoryInfo: total size of monitored paths is 0 bytes
17179 [47699029526272] TRACE perfrun.launcher <> - EXIT:  void runtool::DirectoryMonitor::notifyAll()
17179 [47699029526272] TRACE perfrun.launcher <> - EXIT:  void runtool::DeadlineTimer::notify(const boost::system::error_code &)
18179 [47699029526272] TRACE perfrun.launcher <> - ENTER: void runtool::DeadlineTimer::notify(const boost::system::error_code &)
18179 [47699029526272] TRACE perfrun.launcher <> - ENTER: void runtool::DirectoryMonitor::notifyAll()
18179 [47699029526272] TRACE perfrun.sdk <> - ENTER: void runtool::sdk::getFilesFromDirectoryByExt(const std::basic_string<char, std::char_traits<char>, std::allocator<char>> &, const std::basic_string<char, std::char_traits<char>, std::allocator<char>> &, std::list<std::basic_string<char, std::char_traits<char>, std::allocator<char>>, std::allocator<std::basic_string<char, std::char_traits<char>, std::allocator<char>>>> &)
18180 [47699029526272] TRACE perfrun.sdk <> - EXIT:  void runtool::sdk::getFilesFromDirectoryByExt(const std::basic_string<char, std::char_traits<char>, std::allocator<char>> &, const std::basic_string<char, std::char_traits<char>, std::allocator<char>> &, std::list<std::basic_string<char, std::char_traits<char>, std::allocator<char>>, std::allocator<std::basic_string<char, std::char_traits<char>, std::allocator<char>>>> &)
18180 [47699029526272] DEBUG perfrun.launcher <> - DirectoryInfo: total size of monitored paths is 0 bytes
18181 [47699029526272] TRACE perfrun.launcher <> - EXIT:  void runtool::DirectoryMonitor::notifyAll()
18181 [47699029526272] TRACE perfrun.launcher <> - EXIT:  void runtool::DeadlineTimer::notify(const boost::system::error_code &)
19181 [47699029526272] TRACE perfrun.launcher <> - ENTER: void runtool::DeadlineTimer::notify(const boost::system::error_code &)
19181 [47699029526272] TRACE perfrun.launcher <> - ENTER: void runtool::DirectoryMonitor::notifyAll()
19181 [47699029526272] TRACE perfrun.sdk <> - ENTER: void runtool::sdk::getFilesFromDirectoryByExt(const std::basic_string<char, std::char_traits<char>, std::allocator<char>> &, const std::basic_string<char, std::char_traits<char>, std::allocator<char>> &, std::list<std::basic_string<char, std::char_traits<char>, std::allocator<char>>, std::allocator<std::basic_string<char, std::char_traits<char>, std::allocator<char>>>> &)
19182 [47699029526272] TRACE perfrun.sdk <> - EXIT:  void runtool::sdk::getFilesFromDirectoryByExt(const std::basic_string<char, std::char_traits<char>, std::allocator<char>> &, const std::basic_string<char, std::char_traits<char>, std::allocator<char>> &, std::list<std::basic_string<char, std::char_traits<char>, std::allocator<char>>, std::allocator<std::basic_string<char, std::char_traits<char>, std::allocator<char>>>> &)
19182 [47699029526272] DEBUG perfrun.launcher <> - DirectoryInfo: total size of monitored paths is 0 bytes
19182 [47699029526272] TRACE perfrun.launcher <> - EXIT:  void runtool::DirectoryMonitor::notifyAll()
19182 [47699029526272] TRACE perfrun.launcher <> - EXIT:  void runtool::DeadlineTimer::notify(const boost::system::error_code &)
19565 [47698871180672] TRACE perfrun.launcher <> - EXIT:  int runtool::ProcessCreator::waitPid()
19565 [47698871180672] TRACE perfrun.launcher <> - EXIT:  int runtool::ProcessCreator::wait()
19565 [47698871180672] INFO perfrun.launcher <> - Launcher: the profiled application was terminated  with exit code = 0
19565 [47698871180672] TRACE perfrun.launcher <> - ENTER: void runtool::Launcher::waitForSlaves(const std::basic_string<char, std::char_traits<char>, std::allocator<char>> &)
19565 [47698871180672] TRACE perfrun.sdk <> - ENTER: void runtool::sdk::getFilesFromDirectoryByExt(const std::basic_string<char, std::char_traits<char>, std::allocator<char>> &, const std::basic_string<char, std::char_traits<char>, std::allocator<char>> &, std::list<std::basic_string<char, std::char_traits<char>, std::allocator<char>>, std::allocator<std::basic_string<char, std::char_traits<char>, std::allocator<char>>>> &)
19566 [47698871180672] TRACE perfrun.sdk <> - EXIT:  void runtool::sdk::getFilesFromDirectoryByExt(const std::basic_string<char, std::char_traits<char>, std::allocator<char>> &, const std::basic_string<char, std::char_traits<char>, std::allocator<char>> &, std::list<std::basic_string<char, std::char_traits<char>, std::allocator<char>>, std::allocator<std::basic_string<char, std::char_traits<char>, std::allocator<char>>>> &)
19567 [47698871180672] TRACE perfrun.launcher <> - EXIT:  void runtool::Launcher::waitForSlaves(const std::basic_string<char, std::char_traits<char>, std::allocator<char>> &)
19567 [47698987665152] TRACE perfrun.system <> - ENTER: void runtool::system::Controller::onEvent(runtool::sdk::collection_state_t)
19567 [47698987665152] TRACE perfrun.system <> - EXIT:  void runtool::system::Controller::onEvent(runtool::sdk::collection_state_t)
19567 [47698987665152] TRACE perfrun.system <> - ENTER: bool runtool::system::Controller::stop()
19571 [47698987665152] TRACE perfrun.system <> - EXIT:  bool runtool::system::Controller::stop()
19571 [47698987665152] TRACE perfrun.tpss <> - ENTER: bool runtool::tpss::Controller::stop()
19571 [47698987665152] INFO perfrun.tpss <> - stop tpss controller
19572 [47698987665152] TRACE perfrun.tpss <> - EXIT:  bool runtool::tpss::Controller::stop()
19572 [47698987665152] TRACE perfrun.system <> - ENTER: void runtool::system::Controller::onEvent(runtool::sdk::collection_state_t)
19572 [47698987665152] TRACE perfrun.sdk <> - ENTER: void runtool::sdk::TraceFile::close(boost::system::error_code &)
19572 [47698987665152] INFO perfrun.sdk <> - De-allocating TMU: /tmp/advixe-tmp-yf20630/advixe-res-4791-184687944597979854/data.0/systemcollector-4791-bc4login2.bc4.acrc.priv.sc
19572 [47698987665152] TRACE perfrun.sdk <> - EXIT:  void runtool::sdk::TraceFile::close(boost::system::error_code &)
19572 [47698987665152] INFO perfrun.system <> - closed the system trace file: /tmp/advixe-tmp-yf20630/advixe-res-4791-184687944597979854/data.0/systemcollector-4791-bc4login2.bc4.acrc.priv.sc
19572 [47698987665152] TRACE perfrun.system <> - EXIT:  void runtool::system::Controller::onEvent(runtool::sdk::collection_state_t)
19572 [47698871180672] TRACE perfrun.launcher <> - ENTER: void runtool::ProcessSetMonitor<T>::stop() [with T = unsigned int]
19573 [47698871180672] TRACE perfrun.launcher <> - EXIT:  void runtool::ProcessSetMonitor<T>::stop() [with T = unsigned int]
19573 [47698871180672] TRACE perfrun.launcher <> - ENTER: void runtool::ProcessCreator::stop()
19573 [47698871180672] TRACE perfrun.launcher <> - EXIT:  void runtool::ProcessCreator::stop()
19573 [47698871180672] INFO perfrun.launcher <> - Launcher: all plugins were stopped.
19573 [47698871180672] TRACE perfrun.launcher <> - ENTER: void runtool::Launcher::resetDurationCallback()
19573 [47698871180672] TRACE perfrun.launcher <> - EXIT:  void runtool::Launcher::resetDurationCallback()
19573 [47698871180672] TRACE perfrun.launcher <> - ENTER: void runtool::Launcher::resetResumeAfterCallback()
19573 [47698871180672] TRACE perfrun.launcher <> - EXIT:  void runtool::Launcher::resetResumeAfterCallback()
19573 [47698871180672] TRACE perfrun.launcher <> - ENTER: void runtool::Launcher::resetHardStopCallbacks()
19573 [47698871180672] INFO perfrun.launcher <> - DeadlineTimer is going to be destroyed
19573 [47698871180672] INFO perfrun.launcher <> - DirectoryMonitor object was destroyed
19573 [47698871180672] TRACE perfrun.launcher <> - EXIT:  void runtool::Launcher::resetHardStopCallbacks()
19573 [47698871180672] WARN perfrun.launcher <> - Stop command is ignored because it is received when collection is already stopped, at file: vcs/perfrun1/launcher/src/command_handler.cpp:209
19573 [47698871180672] TRACE perfrun.launcher <> - ENTER: void runtool::Launcher::shutdownLaunch()
19573 [47698871180672] TRACE perfrun.launcher <> - ENTER: void runtool::Launcher::resetDurationCallback()
19573 [47698871180672] TRACE perfrun.launcher <> - EXIT:  void runtool::Launcher::resetDurationCallback()
19573 [47698871180672] TRACE perfrun.launcher <> - ENTER: void runtool::Launcher::resetResumeAfterCallback()
19573 [47698871180672] TRACE perfrun.launcher <> - EXIT:  void runtool::Launcher::resetResumeAfterCallback()
19573 [47698871180672] TRACE perfrun.launcher <> - ENTER: void runtool::Launcher::resetHardStopCallbacks()
19573 [47698871180672] TRACE perfrun.launcher <> - EXIT:  void runtool::Launcher::resetHardStopCallbacks()
19573 [47698871180672] TRACE perfrun.launcher <> - ENTER: void runtool::RpcServer::stop()
19574 [47698871180672] TRACE perfrun.launcher <> - ENTER: Send RPC request
19574 [47699025323776] TRACE perfrun.launcher <> - ENTER: Receive RPC request
19574 [47698871180672] TRACE perfrun.launcher <> - header and body of the message was send: header = 22 serialization::archive 10 0 0 8 0 0 0 0; body = 22 serialization::archive 10 0 0 8 0 0 0 0
19574 [47699025323776] TRACE perfrun.launcher <> - header of the message was received: size = 8; message =       2a
19574 [47698871180672] TRACE perfrun.launcher <> - EXIT:  Send RPC request
19574 [47699025323776] TRACE perfrun.launcher <> - body of the message was received: size = 42; message = 22 serialization::archive 10 0 0 8 0 0 0 0
19575 [47699025323776] TRACE perfrun.launcher <> - EXIT:  Receive RPC request
19575 [47699025323776] TRACE perfrun.launcher <> - EXIT:  RpcServer: the main loop handles RPC requests  from clients
19575 [47698871180672] TRACE perfrun.launcher <> - EXIT:  void runtool::RpcServer::stop()
19585 [47698871180672] TRACE perfrun.launcher <> - ENTER: void runtool::Launcher::waitForSlaves(const std::basic_string<char, std::char_traits<char>, std::allocator<char>> &)
19585 [47698871180672] TRACE perfrun.sdk <> - ENTER: void runtool::sdk::getFilesFromDirectoryByExt(const std::basic_string<char, std::char_traits<char>, std::allocator<char>> &, const std::basic_string<char, std::char_traits<char>, std::allocator<char>> &, std::list<std::basic_string<char, std::char_traits<char>, std::allocator<char>>, std::allocator<std::basic_string<char, std::char_traits<char>, std::allocator<char>>>> &)
19586 [47698871180672] TRACE perfrun.sdk <> - EXIT:  void runtool::sdk::getFilesFromDirectoryByExt(const std::basic_string<char, std::char_traits<char>, std::allocator<char>> &, const std::basic_string<char, std::char_traits<char>, std::allocator<char>> &, std::list<std::basic_string<char, std::char_traits<char>, std::allocator<char>>, std::allocator<std::basic_string<char, std::char_traits<char>, std::allocator<char>>>> &)
19586 [47698871180672] TRACE perfrun.launcher <> - EXIT:  void runtool::Launcher::waitForSlaves(const std::basic_string<char, std::char_traits<char>, std::allocator<char>> &)
19586 [47698871180672] TRACE perfrun.launcher <> - EXIT:  void runtool::Launcher::shutdownLaunch()
19586 [47698871180672] TRACE perfrun.launcher <> - EXIT:  int runtool::Launcher::doStart()
19586 [47698871180672] TRACE perfrun.launcher <> - IMessenger: send collection state with state = 3
19586 [47698871180672] INFO perfrun.launcher <> - Application exit code: 0
19586 [47698871180672] INFO perfrun.launcher <> - Exit code: 0
19587 [47698871180672] TRACE perfrun.launcher <> - EXIT:  Start the collection
19587 [47698871180672] TRACE perfrun.launcher <> - ENTER: Destroy the launcher...
19587 [47698871180672] TRACE perfrun.launcher <> - EXIT:  Destroy the launcher...
19587 [47698871180672] TRACE perfrun.launcher <> - ENTER: runtool::RpcServer::~RpcServer()
19587 [47698871180672] TRACE perfrun.launcher <> - ENTER: void runtool::RpcServer::stop()
19587 [47698871180672] TRACE perfrun.launcher <> - EXIT:  void runtool::RpcServer::stop()
19587 [47698871180672] TRACE perfrun.launcher <> - EXIT:  runtool::RpcServer::~RpcServer()
19587 [47698871180672] TRACE perfrun.launcher <> - ENTER: runtool::ProcessCreator::~ProcessCreator()
19587 [47698871180672] TRACE perfrun.launcher <> - ENTER: void runtool::ProcessCreator::stop()
19587 [47698871180672] TRACE perfrun.launcher <> - EXIT:  void runtool::ProcessCreator::stop()
19587 [47698871180672] TRACE perfrun.launcher <> - EXIT:  runtool::ProcessCreator::~ProcessCreator()
19587 [47698871180672] TRACE perfrun.launcher <> - PluginManagerProxy::doOperation thread was terminated.
19590 [47698871180672] TRACE perfrun.launcher <> - EXIT:  int main(int, char **)
