18 [47402562772352] TRACE perfrun.launcher <> - ENTER: int main(int, char **)
20 [47402562772352] TRACE perfrun.launcher <> - ENTER: Start the collection
20 [47402562772352] INFO perfrun.launcher <> - argc = 7; cmdline = /mnt/storage/software/languages/intel/intel-parallel_studio_xe_2018_u3/advisor_2018.3.0.558307/bin64/advixe-runss --ui-output-format xml --ui-output-fd 8 --option-file /user/home/yf20630/lab1/advanced-hpc-lbm/advi-ser-128/e000/hs000/config/runss.options 
20 [47402562772352] TRACE perfrun.launcher <> - ENTER: Initialize the launcher
22 [47402562772352] TRACE perfrun.launcher <> - ENTER: void runtool::CmdLineParser::declareOptions()
30 [47402562772352] TRACE perfrun.launcher <> - EXIT:  void runtool::CmdLineParser::declareOptions()
30 [47402562772352] TRACE perfrun.system <> - ENTER: static runtool::system::IController *runtool::system::IController::create()
30 [47402562772352] TRACE perfrun.system <> - ENTER: runtool::system::Controller::Controller()
30 [47402562772352] TRACE perfrun.system <> - EXIT:  runtool::system::Controller::Controller()
30 [47402562772352] TRACE perfrun.system <> - EXIT:  static runtool::system::IController *runtool::system::IController::create()
30 [47402562772352] INFO perfrun.launcher <> - plugin system has been added successfully
30 [47402562772352] INFO perfrun.launcher <> - plugin  has been added successfully
30 [47402562772352] INFO perfrun.launcher <> - plugin  has been added successfully
30 [47402562772352] INFO perfrun.launcher <> - plugin  has been added successfully
30 [47402562772352] INFO perfrun.launcher <> - plugin  has been added successfully
30 [47402562772352] INFO perfrun.launcher <> - plugin  has been added successfully
30 [47402562772352] INFO perfrun.launcher <> - plugin  has been added successfully
30 [47402562772352] INFO perfrun.launcher <> - plugin mrte has been added successfully
30 [47402562772352] INFO perfrun.launcher <> - plugin  has been added successfully
30 [47402562772352] INFO perfrun.launcher <> - plugin  has been added successfully
33 [47402562772352] INFO perfrun.launcher <> - plugin  has been added successfully
33 [47402562772352] INFO perfrun.launcher <> - plugin  has been added successfully
33 [47402562772352] INFO perfrun.launcher <> - plugin  has been added successfully
33 [47402562772352] TRACE perfrun.tpss <> - ENTER: static runtool::sdk::IController *runtool::tpss::IController::create()
33 [47402562772352] TRACE perfrun.tpss <> - ENTER: create tpss controller
34 [47402562772352] TRACE perfrun.tpss <> - EXIT:  create tpss controller
34 [47402562772352] TRACE perfrun.tpss <> - EXIT:  static runtool::sdk::IController *runtool::tpss::IController::create()
34 [47402562772352] INFO perfrun.launcher <> - plugin tpss has been added successfully
34 [47402562772352] INFO perfrun.launcher <> - plugin  has been added successfully
34 [47402562772352] INFO perfrun.launcher <> - plugin  has been added successfully
34 [47402562772352] INFO perfrun.launcher <> - plugin  has been added successfully
34 [47402562772352] INFO perfrun.launcher <> - plugin  has been added successfully
34 [47402562772352] INFO perfrun.launcher <> - plugin  has been added successfully
34 [47402562772352] INFO perfrun.launcher <> - plugin  has been added successfully
34 [47402562772352] INFO perfrun.launcher <> - the option was added --interval: Specify an interval of data collection (for example, sampling) in milliseconds.
34 [47402562772352] INFO perfrun.launcher <> - the option was added --follow-child: Profile process with or without children.
34 [47402562772352] INFO perfrun.launcher <> - the option was added --gelding: BADMSG: perfrun1.launcher.plugin_manager::gelding
34 [47402562772352] INFO perfrun.launcher <> - the option was added --time-source: Specify time source for measurement. Possible values: sys - wall clock time; tsc - time stamp counter; ext - time from an external source; auto - auto select accurate time source.
34 [47402562772352] INFO perfrun.launcher <> - the option was added --stack: Enable or disable collection of stacks.
37 [47402562772352] INFO perfrun.launcher <> - the option was added --stack-stitching: Enable or disable the stack stitching algorithm for Intel TBB-based applications.
37 [47402562772352] INFO perfrun.launcher <> - the option was added --type: Specify type of data to be collected. For example, --type cpu:counters,waiting:nostack,io.
37 [47402562772352] INFO perfrun.launcher <> - the option was added --mrte-mode: Specify Java/.NET/other managed runtime collection mode. Possible values: native - collect information only for native code; managed - collect information only for managed code; mixed - collect information for both managed and native code; auto - choose the mode based on binary type.
37 [47402562772352] INFO perfrun.launcher <> - the option was added --mrte-mode-list: List supported Java/.NET/other managed runtime collection modes.
37 [47402562772352] INFO perfrun.launcher <> - the option was added --mrte-type: Specify which managed runtimes to collect. Possible values: java - collect information for Java; dotnet - collect information for .NET; python - collect information for CPython. You can specify several values separated by comma.
37 [47402562772352] INFO perfrun.launcher <> - the option was added --mrte-type-list: List supported Java/.NET/other managed runtime types.
37 [47402562772352] INFO perfrun.launcher <> - the option was added --trace-strategy: Specify how to profile a process tree. <string> can be "<process>:trace:notrace" - profile the process but do not profile its children. Shorthand parameters: t - trace, nt - notrace. For example, "vtunedemo.exe:t:t".
37 [47402562772352] INFO perfrun.launcher <> - the option was added --collector: BADMSG: perfrun1.launcher.plugin_manager::collector
37 [47402562772352] INFO perfrun.launcher <> - the option was added --system-wide: Enable system-wide profiling. This mode may require additional permissions.
37 [47402562772352] INFO perfrun.launcher <> - the option was added --kvm-guest: Enable KVM guest OS profiling.
37 [47402562772352] INFO perfrun.launcher <> - the option was added --kvm-guest-kallsyms: Specify a local path to the /proc/kallsyms file copied from the guest OS for proper symbol resolution.
37 [47402562772352] INFO perfrun.launcher <> - the option was added --kvm-guest-modules: Specify a local path to the /proc/modules file copied from the guest OS for proper symbol resolution.
37 [47402562772352] INFO perfrun.launcher <> - the option was added --target-system: BADMSG: perfrun1.launcher.plugin_manager::target-system
37 [47402562772352] INFO perfrun.launcher <> - the option was added --dump-vdso: Dump [vdso] to result directory
38 [47402562772352] INFO perfrun.launcher <> - the option was added --bandwidth-limits: Measure bandwidth limits
38 [47402562772352] INFO perfrun.launcher <> - the option was added --bandwidth-strategy: Bandwidth limits determination specific properties (example: --bandwidth-strategy array-size=0,duration=500).
38 [47402562772352] INFO perfrun.launcher <> - the option was added --bandwidth-config: List of benchmarks to run.
38 [47402562772352] INFO perfrun.launcher <> - the option was added --benchmark-sync: Run synchronized bandwidth measurement.
38 [47402562772352] INFO perfrun.launcher <> - the option was added --system-collector-config: Specify subcollectors. Possible values: all, vdso, container, device-info, none.
38 [47402562772352] INFO perfrun.launcher <> - the option was added --stackwalk: Specify stack unwinding method. Possible values: online - unwind stacks during collection; offline - unwind stacks after collection is finished.
38 [47402562772352] INFO perfrun.launcher <> - the option was added --filter-include: Filter data during collection. Possible values: contended=<on|off> - filter out uncontended events; contended_nostack=<time> - filter out stacks for contended events that take less than <time> microseconds; wait=<time> - ignore transitions and blocks with wait time less than <time> microseconds; wait_nostack=<time> - filter out stacks for waits that take less than <time> microseconds.
38 [47402562772352] INFO perfrun.launcher <> - the option was added --debug-pin: Debug PIN tool and runtime.
38 [47402562772352] INFO perfrun.launcher <> - the option was added --debug-exception: Disallow the application to set own abnormal termination handler.
38 [47402562772352] INFO perfrun.launcher <> - the option was added --trace-type: Specify the trace file granularity. Possible values: per-thread - per-thread trace file generation; per-process - per-process trace file generation.
38 [47402562772352] INFO perfrun.launcher <> - the option was added --instrumentation-type: Specify type of instrumentation.
38 [47402562772352] INFO perfrun.launcher <> - the option was added --altstack: Enable or disable usage of altstacks for profiling signal handlers.
38 [47402562772352] INFO perfrun.launcher <> - the option was added --profiling-signal: Alternate profiling signal.
38 [47402562772352] INFO perfrun.launcher <> - the option was added --memory-strategy: Specify a minimal memory object size to be traced and a hash table size for faster objects search; for example: --memory-strategy obj-size-min=1024,hash-table-size=4096.
38 [47402562772352] TRACE perfrun.launcher <> - Update configuration: tmp directory = /tmp/advixe-tmp-yf20630
38 [47402562772352] TRACE perfrun.launcher <> - EXIT:  Initialize the launcher
39 [47402562772352] TRACE perfrun.launcher <> - ENTER: void runtool::CmdLineParser::parseOptionFile(const std::basic_string<char, std::char_traits<char>, std::allocator<char>> &)
41 [47402562772352] TRACE perfrun.launcher <> - EXIT:  void runtool::CmdLineParser::parseOptionFile(const std::basic_string<char, std::char_traits<char>, std::allocator<char>> &)
41 [47402562772352] INFO perfrun.launcher <> - create msngr2::ICliToolContext
41 [47402562772352] TRACE perfrun.launcher <> - ENTER: void runtool::CmdLineParser::validateParseResult() const
41 [47402562772352] TRACE perfrun.launcher <> - EXIT:  void runtool::CmdLineParser::validateParseResult() const
41 [47402562772352] TRACE perfrun.launcher <> - ENTER: void runtool::CmdLineParser::populate(runtool::IConfiguration *) const
41 [47402562772352] TRACE perfrun.launcher <> - Update configuration: action = start
41 [47402562772352] TRACE perfrun.launcher <> - Update configuration: collection type = launcher
41 [47402562772352] TRACE perfrun.launcher <> - Update configuration: quiet mode is enabled
41 [47402562772352] TRACE perfrun.launcher <> - Update configuration: compression level = 2
41 [47402562772352] TRACE perfrun.launcher <> - Update configuration: duration = 0 sec
41 [47402562772352] TRACE perfrun.launcher <> - Update configuration: data limit = 524288000 bytes
41 [47402562772352] TRACE perfrun.launcher <> - Update configuration: disc space limit = 0 bytes
41 [47402562772352] TRACE perfrun.launcher <> - Update configuration: return-app-exitcode = false
41 [47402562772352] TRACE perfrun.launcher <> - Update configuration: result directory = /user/home/yf20630/lab1/advanced-hpc-lbm/advi-ser-128/e000/hs000
41 [47402562772352] TRACE perfrun.launcher <> - Update configuration: application = ./debug
41 [47402562772352] TRACE perfrun.launcher <> - Update configuration: application argument = input_128x128.params
41 [47402562772352] TRACE perfrun.launcher <> - Update configuration: application argument = obstacles_128x128.dat
41 [47402562772352] TRACE perfrun.launcher <> - [IN] option = interval; value = 10 !u32_t
41 [47402562772352] TRACE perfrun.launcher <> - [IN] option = follow-child; value = true !bool
41 [47402562772352] TRACE perfrun.launcher <> - [IN] option = gelding; value = false !bool
41 [47402562772352] TRACE perfrun.launcher <> - [IN] option = time-source; value = auto !ustring
41 [47402562772352] TRACE perfrun.launcher <> - [IN] option = stack; value = true !bool
41 [47402562772352] TRACE perfrun.launcher <> - [IN] option = stack-stitching; value = true !bool
41 [47402562772352] TRACE perfrun.launcher <> - [IN] option = type; value = cpu:stack !ustring
41 [47402562772352] TRACE perfrun.launcher <> - [IN] option = mrte-mode; value = auto !ustring
41 [47402562772352] TRACE perfrun.launcher <> - [IN] option = mrte-type; value = java !ustring
41 [47402562772352] TRACE perfrun.launcher <> - [IN] option = mrte-type; value = python !ustring
41 [47402562772352] TRACE perfrun.launcher <> - [IN] option = trace-strategy; value = ld-linux.so.2:notrace:notrace !ustring
41 [47402562772352] TRACE perfrun.launcher <> - [IN] option = trace-strategy; value = ld-linux-x86-64.so.2:notrace:notrace !ustring
41 [47402562772352] TRACE perfrun.launcher <> - [IN] option = collector; value = sep !ustring
41 [47402562772352] TRACE perfrun.launcher <> - [IN] option = system-wide; value = false !bool
41 [47402562772352] TRACE perfrun.launcher <> - [IN] option = kvm-guest; value = false !bool
41 [47402562772352] TRACE perfrun.launcher <> - [IN] option = bandwidth-limits; value = false !bool
41 [47402562772352] TRACE perfrun.launcher <> - [IN] option = benchmark-sync; value = false !bool
41 [47402562772352] TRACE perfrun.launcher <> - [IN] option = system-collector-config; value = all !ustring
41 [47402562772352] TRACE perfrun.launcher <> - [IN] option = stackwalk; value = offline !ustring
41 [47402562772352] TRACE perfrun.launcher <> - [IN] option = trace-type; value = per-thread !ustring
41 [47402562772352] TRACE perfrun.launcher <> - [IN] option = instrumentation-type; value = pin !ustring
41 [47402562772352] TRACE perfrun.launcher <> - [IN] option = altstack; value = true !bool
41 [47402562772352] TRACE perfrun.launcher <> - EXIT:  void runtool::CmdLineParser::populate(runtool::IConfiguration *) const
41 [47402679281408] TRACE perfrun.tpss <> - ENTER: void runtool::tpss::Controller::setMessageChannel(runtool::sdk::IMessageChannel *)
42 [47402679281408] TRACE perfrun.tpss <> - EXIT:  void runtool::tpss::Controller::setMessageChannel(runtool::sdk::IMessageChannel *)
42 [47402562772352] INFO perfrun.launcher <> - create file finder object
42 [47402679281408] TRACE perfrun.tpss <> - ENTER: void runtool::tpss::Controller::setRequestHandler(runtool::sdk::IRequestHandler *)
42 [47402679281408] TRACE perfrun.tpss <> - EXIT:  void runtool::tpss::Controller::setRequestHandler(runtool::sdk::IRequestHandler *)
42 [47402562772352] TRACE perfrun.launcher <> - Handle the user request: action = 0
42 [47402562772352] TRACE perfrun.launcher <> - ENTER: int runtool::Launcher::doStart()
42 [47402562772352] TRACE perfrun.launcher <> - ENTER: void runtool::Launcher::prepareLaunch()
42 [47402562772352] TRACE perfrun.launcher <> - ENTER: void runtool::Launcher::prepareResultDirectory()
42 [47402562772352] INFO perfrun.launcher <> - create a result directory: pattern = /user/home/yf20630/lab1/advanced-hpc-lbm/advi-ser-128/e000/hs000 pid = 4294967295
46 [47402562772352] TRACE perfrun.sdk <> - ENTER: bool runtool::sdk::DirectoryInfo::isLocal() const
46 [47402562772352] INFO perfrun.sdk <> - checked that the directory /user/home/yf20630/lab1/advanced-hpc-lbm/advi-ser-128/e000/hs000 is a local directory
46 [47402562772352] INFO perfrun.sdk <> - the directory /user/home/yf20630/lab1/advanced-hpc-lbm/advi-ser-128/e000/hs000 is located on a share or its FS ID is unknown 1196443219
46 [47402562772352] TRACE perfrun.sdk <> - EXIT:  bool runtool::sdk::DirectoryInfo::isLocal() const
47 [47402562772352] INFO perfrun.launcher <> - Create a local result directory /tmp/advixe-tmp-yf20630/advixe-res-670-78489511659069252 due to the user result path /user/home/yf20630/lab1/advanced-hpc-lbm/advi-ser-128/e000/hs000 is located on a share
47 [47402562772352] TRACE perfrun.launcher <> - Update configuration: result directory = /tmp/advixe-tmp-yf20630/advixe-res-670-78489511659069252
47 [47402562772352] INFO perfrun.launcher <> - create data directory = /tmp/advixe-tmp-yf20630/advixe-res-670-78489511659069252/data.0
48 [47402562772352] INFO perfrun.launcher <> - create data directory = /user/home/yf20630/lab1/advanced-hpc-lbm/advi-ser-128/e000/hs000/data.0
49 [47402562772352] TRACE perfrun.launcher <> - Update configuration: data directory = /tmp/advixe-tmp-yf20630/advixe-res-670-78489511659069252/data.0
49 [47402562772352] TRACE perfrun.launcher <> - EXIT:  void runtool::Launcher::prepareResultDirectory()
53 [47402562772352] TRACE perfrun.launcher <> - IMessenger: send collection state with state = 11
53 [47402679281408] TRACE perfrun.launcher <> - Update configuration: follow child = 1
59 [47402679281408] TRACE perfrun.launcher <> - Update configuration: time source = 0
59 [47402679281408] TRACE perfrun.launcher <> - Update configuration: stack = 1
59 [47402679281408] TRACE perfrun.launcher <> - Update configuration: gelding = 0
59 [47402679281408] TRACE perfrun.launcher <> - Update configuration: stack stitching = 1
59 [47402679281408] TRACE perfrun.system <> - ENTER: int runtool::system::Controller::initialize(runtool::sdk::IConfiguration *)
59 [47402679281408] TRACE perfrun.system <> - ENTER: int runtool::system::TraceWriter::initialize(runtool::sdk::IConfiguration *, runtool::system::TraceWriter::Settings *)
59 [47402679281408] TRACE perfrun.sdk <> - 0x7924a02
65 [47402679281408] TRACE perfrun.sdk <> - ENTER: runtool::sdk::TraceFile::TraceFile(tpss_tmu_creator *, unsigned int, const std::basic_string<char, std::char_traits<char>, std::allocator<char>> &, bool)
65 [47402679281408] INFO perfrun.sdk <> - Allocating TMU :/tmp/advixe-tmp-yf20630/advixe-res-670-78489511659069252/data.0/systemcollector-670-compute245.bc4.acrc.priv.sc
65 [47402679281408] TRACE perfrun.sdk <> - EXIT:  runtool::sdk::TraceFile::TraceFile(tpss_tmu_creator *, unsigned int, const std::basic_string<char, std::char_traits<char>, std::allocator<char>> &, bool)
65 [47402679281408] TRACE perfrun.system <> - EXIT:  int runtool::system::TraceWriter::initialize(runtool::sdk::IConfiguration *, runtool::system::TraceWriter::Settings *)
65 [47402679281408] TRACE perfrun.system <> - EXIT:  int runtool::system::Controller::initialize(runtool::sdk::IConfiguration *)
65 [47402679281408] INFO perfrun.launcher <> - plugin [] was disabled because it doesn't support the given collection type.
65 [47402679281408] INFO perfrun.launcher <> - plugin [] was disabled because it doesn't support the given collection type.
65 [47402679281408] INFO perfrun.launcher <> - plugin [] was disabled because it doesn't support the given collection type.
65 [47402679281408] INFO perfrun.launcher <> - plugin [] was disabled because it doesn't support the given collection type.
65 [47402679281408] INFO perfrun.launcher <> - plugin [] was disabled because it doesn't support the given collection type.
65 [47402679281408] INFO perfrun.launcher <> - plugin [] was disabled because it doesn't support the given collection type.
65 [47402679281408] TRACE perfrun.mrte <> - ENTER: int runtool::mrte::Controller::initialize(runtool::sdk::IConfiguration *)
65 [47402679281408] TRACE perfrun.mrte <> - EXIT:  int runtool::mrte::Controller::initialize(runtool::sdk::IConfiguration *)
65 [47402679281408] INFO perfrun.launcher <> - plugin [mrte] was disabled because it doesn't support the given collection type.
65 [47402679281408] INFO perfrun.launcher <> - plugin [] was disabled because it doesn't support the given collection type.
65 [47402679281408] INFO perfrun.launcher <> - plugin [] was disabled because it doesn't support the given collection type.
65 [47402679281408] INFO perfrun.launcher <> - plugin [] was disabled because it doesn't support the given collection type.
65 [47402679281408] INFO perfrun.launcher <> - plugin [] was disabled because it doesn't support the given collection type.
65 [47402679281408] INFO perfrun.launcher <> - plugin [] was disabled because it doesn't support the given collection type.
65 [47402679281408] TRACE perfrun.tpss <> - ENTER: int runtool::tpss::Controller::initialize(runtool::sdk::IConfiguration *)
65 [47402679281408] INFO perfrun.tpss <> - initialize tpss controller
65 [47402679281408] TRACE perfrun.tpss <> - ENTER: bool runtool::tpss::Controller::configureCollectionMode(const std::basic_string<char, std::char_traits<char>, std::allocator<char>> &)
66 [47402679281408] INFO perfrun.tpss <> - configure collection mode: value = cpu:stack
66 [47402679281408] TRACE perfrun.tpss <> - EXIT:  bool runtool::tpss::Controller::configureCollectionMode(const std::basic_string<char, std::char_traits<char>, std::allocator<char>> &)
66 [47402679281408] TRACE perfrun.tpss <> - ENTER: tpss::trace_file_t runtool::tpss::castTraceFileType(const gen_helpers2::variant_t &)
66 [47402679281408] TRACE perfrun.tpss <> - EXIT:  tpss::trace_file_t runtool::tpss::castTraceFileType(const gen_helpers2::variant_t &)
66 [47402679281408] INFO perfrun.tpss <> - default obj-size-min=1024
66 [47402679281408] INFO perfrun.tpss <> - default hash-table-size=0
66 [47402679281408] TRACE perfrun.tpss <> - EXIT:  int runtool::tpss::Controller::initialize(runtool::sdk::IConfiguration *)
66 [47402679281408] INFO perfrun.launcher <> - plugin [] was disabled because it doesn't support the given collection type.
66 [47402679281408] INFO perfrun.launcher <> - plugin [] was disabled because it doesn't support the given collection type.
66 [47402679281408] INFO perfrun.launcher <> - plugin [] was disabled because it doesn't support the given collection type.
66 [47402679281408] INFO perfrun.launcher <> - plugin [] was disabled because it doesn't support the given collection type.
66 [47402679281408] INFO perfrun.launcher <> - plugin [] was disabled because it doesn't support the given collection type.
66 [47402679281408] INFO perfrun.launcher <> - plugin [] was disabled because it doesn't support the given collection type.
66 [47402562772352] TRACE perfrun.launcher <> - RpcServer was created for IPC filename = /user/home/yf20630/lab1/advanced-hpc-lbm/advi-ser-128/e000/hs000/runtool.670.ipc
66 [47402562772352] TRACE perfrun.launcher <> - RpcServer: setup all handlers at once
66 [47402562772352] TRACE perfrun.launcher <> - RpcServer: setup a handler for ICancelRequest
66 [47402562772352] TRACE perfrun.launcher <> - RpcServer: setup a handler for IPauseRequest
66 [47402562772352] TRACE perfrun.launcher <> - RpcServer: setup a handler for IResumeRequest
66 [47402562772352] TRACE perfrun.launcher <> - RpcServer: setup a handler for IStopRequest
66 [47402562772352] TRACE perfrun.launcher <> - RpcServer: setup a handler for IStatusRequest
66 [47402562772352] TRACE perfrun.launcher <> - RpcServer: setup a handler for IDetachRequest
66 [47402562772352] TRACE perfrun.launcher <> - RpcServer: setup a handler for IMarkRequest
66 [47402562772352] INFO perfrun.launcher <> - RpcServer: run RPC server to handle requests
67 [47402562772352] DEBUG perfrun.launcher <> - RpcServer: wrote information about the RPC server into the IPC file
67 [47402562772352] TRACE perfrun.launcher <> - EXIT:  void runtool::Launcher::prepareLaunch()
67 [47402784065280] TRACE perfrun.launcher <> - ENTER: RpcServer: the main loop handles RPC requests  from clients
67 [47402562772352] INFO perfrun.launcher <> - Launcher: command line to start before modification = ./debug input_128x128.params obstacles_128x128.dat
67 [47402679281408] TRACE perfrun.tpss <> - ENTER: void runtool::tpss::Controller::modifyCommandLine(std::basic_string<char, std::char_traits<char>, std::allocator<char>> &) const
68 [47402679281408] TRACE perfrun.tpss <> - EXIT:  void runtool::tpss::Controller::modifyCommandLine(std::basic_string<char, std::char_traits<char>, std::allocator<char>> &) const
68 [47402562772352] INFO perfrun.launcher <> - Launcher: command line to start after modification = /mnt/storage/software/languages/intel/intel-parallel_studio_xe_2018_u3/advisor_2018.3.0.558307/bin64/pin -error_file /tmp/advixe-tmp-yf20630/advixe-res-670-78489511659069252/data.0/pinerr.tpsslog -detach_reattach -follow_execv -tool_load_option deepbind -t64 /mnt/storage/software/languages/intel/intel-parallel_studio_xe_2018_u3/advisor_2018.3.0.558307/lib64/libtpsstool.so -t /mnt/storage/software/languages/intel/intel-parallel_studio_xe_2018_u3/advisor_2018.3.0.558307/lib32/libtpsstool.so -server_name tpss_ipc.670 -prd_dir /mnt/storage/software/languages/intel/intel-parallel_studio_xe_2018_u3/advisor_2018.3.0.558307 -- ./debug input_128x128.params obstacles_128x128.dat
68 [47402562772352] INFO perfrun.launcher <> - ProcessCreator object was created
68 [47402562772352] TRACE perfrun.launcher <> - ENTER: unsigned int runtool::ProcessCreator::start(bool)
69 [47402562772352] TRACE perfrun.launcher <> - EXIT:  unsigned int runtool::ProcessCreator::start(bool)
69 [47402562772352] INFO perfrun.launcher <> - Launcher: the process was started in suspend mode
69 [47402679281408] TRACE perfrun.system <> - ENTER: void runtool::system::Controller::onEvent(runtool::sdk::collection_state_t)
69 [47402679281408] TRACE perfrun.system <> - EXIT:  void runtool::system::Controller::onEvent(runtool::sdk::collection_state_t)
69 [47402679281408] TRACE perfrun.system <> - ENTER: bool runtool::system::Controller::start(unsigned int)
151 [47402679281408] INFO perfrun.system <> - Helper runtool '/mnt/storage/software/languages/intel/intel-parallel_studio_xe_2018_u3/advisor_2018.3.0.558307/bin32/advixe-runss -dump-vdso -r /tmp/advixe-tmp-yf20630/advixe-res-670-78489511659069252 --tmp-dir /tmp/advixe-tmp-yf20630' returned 0
226 [47402679281408] INFO perfrun.system <> - Helper runtool '/mnt/storage/software/languages/intel/intel-parallel_studio_xe_2018_u3/advisor_2018.3.0.558307/bin64/advixe-runss -dump-vdso -r /tmp/advixe-tmp-yf20630/advixe-res-670-78489511659069252 --tmp-dir /tmp/advixe-tmp-yf20630' returned 0
233 [47402679281408] TRACE perfrun.system <> - ENTER: bool runtool::system::getVideoAdapters(std::vector<runtool::system::gpu_adapter_t, std::allocator<runtool::system::gpu_adapter_t>> &)
343 [47402679281408] TRACE perfrun.system <> - EXIT:  bool runtool::system::getVideoAdapters(std::vector<runtool::system::gpu_adapter_t, std::allocator<runtool::system::gpu_adapter_t>> &)
343 [47402679281408] TRACE perfrun.sdk <> - ENTER: bool runtool::sdk::runSystemCmd(const std::basic_string<char, std::char_traits<char>, std::allocator<char>> &, std::basic_string<char, std::char_traits<char>, std::allocator<char>> *, bool, const std::basic_string<char, std::char_traits<char>, std::allocator<char>> &)
343 [47402679281408] WARN perfrun.sdk <> - Failed to find xl binary on any of the system paths: /bin, /sbin, /usr/bin, /usr/sbin., at file: vcs/perfrun1/sdk/src/utils.cpp:433
343 [47402679281408] TRACE perfrun.sdk <> - EXIT:  bool runtool::sdk::runSystemCmd(const std::basic_string<char, std::char_traits<char>, std::allocator<char>> &, std::basic_string<char, std::char_traits<char>, std::allocator<char>> *, bool, const std::basic_string<char, std::char_traits<char>, std::allocator<char>> &)
345 [47402679281408] TRACE perfrun.system <> - EXIT:  bool runtool::system::Controller::start(unsigned int)
345 [47402679281408] TRACE perfrun.tpss <> - ENTER: bool runtool::tpss::Controller::start(unsigned int)
345 [47402679281408] INFO perfrun.tpss <> - start tpss controller for pid #675
395 [47402679281408] TRACE perfrun.tpss <> - EXIT:  bool runtool::tpss::Controller::start(unsigned int)
395 [47402679281408] TRACE perfrun.system <> - ENTER: void runtool::system::Controller::onEvent(runtool::sdk::collection_state_t)
395 [47402679281408] TRACE perfrun.system <> - EXIT:  void runtool::system::Controller::onEvent(runtool::sdk::collection_state_t)
395 [47402562772352] INFO perfrun.launcher <> - Launcher: all plugins were started
395 [47402562772352] TRACE perfrun.launcher <> - IMessenger: send collection state with state = 1
396 [47402562772352] TRACE perfrun.launcher <> - ENTER: void runtool::Launcher::setupResumeAfterCallback()
396 [47402562772352] TRACE perfrun.launcher <> - EXIT:  void runtool::Launcher::setupResumeAfterCallback()
396 [47402562772352] TRACE perfrun.launcher <> - ENTER: void runtool::Launcher::setupHardStopCallbacks()
396 [47402562772352] INFO perfrun.launcher <> - DirectoryMonitor object was created
396 [47402562772352] INFO perfrun.launcher <> - DirectoryMonitor: a callback was added
396 [47402562772352] INFO perfrun.launcher <> - DirectoryMonitor was started with pingTime = 1000
396 [47402562772352] INFO perfrun.launcher <> - DeadlineTimer is going to be constructed
396 [47402562772352] INFO perfrun.launcher <> - DeadlineTimer: a callback was added
396 [47402562772352] TRACE perfrun.launcher <> - EXIT:  void runtool::Launcher::setupHardStopCallbacks()
396 [47402562772352] TRACE perfrun.launcher <> - ENTER: void runtool::Launcher::setupDurationCallback(bool)
396 [47402562772352] TRACE perfrun.launcher <> - EXIT:  void runtool::Launcher::setupDurationCallback(bool)
399 [47402562772352] TRACE perfrun.launcher <> - ENTER: void runtool::ProcessCreator::resume()
399 [47402562772352] DEBUG perfrun.launcher <> - ProcessCreator: the process with pid = 675 is resumed
401 [47402562772352] TRACE perfrun.launcher <> - EXIT:  void runtool::ProcessCreator::resume()
401 [47402562772352] INFO perfrun.launcher <> - Launcher: resume the profiled application and  wait its termination or stop command
401 [47402562772352] TRACE perfrun.launcher <> - ENTER: int runtool::ProcessCreator::wait()
401 [47402562772352] TRACE perfrun.launcher <> - ENTER: int runtool::ProcessCreator::waitPid()
1397 [47402788267776] TRACE perfrun.launcher <> - ENTER: void runtool::DeadlineTimer::notify(const boost::system::error_code &)
1397 [47402788267776] TRACE perfrun.launcher <> - ENTER: void runtool::DirectoryMonitor::notifyAll()
1397 [47402788267776] TRACE perfrun.sdk <> - ENTER: void runtool::sdk::getFilesFromDirectoryByExt(const std::basic_string<char, std::char_traits<char>, std::allocator<char>> &, const std::basic_string<char, std::char_traits<char>, std::allocator<char>> &, std::list<std::basic_string<char, std::char_traits<char>, std::allocator<char>>, std::allocator<std::basic_string<char, std::char_traits<char>, std::allocator<char>>>> &)
1398 [47402788267776] TRACE perfrun.sdk <> - EXIT:  void runtool::sdk::getFilesFromDirectoryByExt(const std::basic_string<char, std::char_traits<char>, std::allocator<char>> &, const std::basic_string<char, std::char_traits<char>, std::allocator<char>> &, std::list<std::basic_string<char, std::char_traits<char>, std::allocator<char>>, std::allocator<std::basic_string<char, std::char_traits<char>, std::allocator<char>>>> &)
1398 [47402788267776] DEBUG perfrun.launcher <> - DirectoryInfo: total size of monitored paths is 0 bytes
1398 [47402788267776] TRACE perfrun.launcher <> - EXIT:  void runtool::DirectoryMonitor::notifyAll()
1398 [47402788267776] TRACE perfrun.launcher <> - EXIT:  void runtool::DeadlineTimer::notify(const boost::system::error_code &)
2399 [47402788267776] TRACE perfrun.launcher <> - ENTER: void runtool::DeadlineTimer::notify(const boost::system::error_code &)
2399 [47402788267776] TRACE perfrun.launcher <> - ENTER: void runtool::DirectoryMonitor::notifyAll()
2399 [47402788267776] TRACE perfrun.sdk <> - ENTER: void runtool::sdk::getFilesFromDirectoryByExt(const std::basic_string<char, std::char_traits<char>, std::allocator<char>> &, const std::basic_string<char, std::char_traits<char>, std::allocator<char>> &, std::list<std::basic_string<char, std::char_traits<char>, std::allocator<char>>, std::allocator<std::basic_string<char, std::char_traits<char>, std::allocator<char>>>> &)
2400 [47402788267776] TRACE perfrun.sdk <> - EXIT:  void runtool::sdk::getFilesFromDirectoryByExt(const std::basic_string<char, std::char_traits<char>, std::allocator<char>> &, const std::basic_string<char, std::char_traits<char>, std::allocator<char>> &, std::list<std::basic_string<char, std::char_traits<char>, std::allocator<char>>, std::allocator<std::basic_string<char, std::char_traits<char>, std::allocator<char>>>> &)
2400 [47402788267776] DEBUG perfrun.launcher <> - DirectoryInfo: total size of monitored paths is 0 bytes
2400 [47402788267776] TRACE perfrun.launcher <> - EXIT:  void runtool::DirectoryMonitor::notifyAll()
2400 [47402788267776] TRACE perfrun.launcher <> - EXIT:  void runtool::DeadlineTimer::notify(const boost::system::error_code &)
3401 [47402788267776] TRACE perfrun.launcher <> - ENTER: void runtool::DeadlineTimer::notify(const boost::system::error_code &)
3401 [47402788267776] TRACE perfrun.launcher <> - ENTER: void runtool::DirectoryMonitor::notifyAll()
3401 [47402788267776] TRACE perfrun.sdk <> - ENTER: void runtool::sdk::getFilesFromDirectoryByExt(const std::basic_string<char, std::char_traits<char>, std::allocator<char>> &, const std::basic_string<char, std::char_traits<char>, std::allocator<char>> &, std::list<std::basic_string<char, std::char_traits<char>, std::allocator<char>>, std::allocator<std::basic_string<char, std::char_traits<char>, std::allocator<char>>>> &)
3402 [47402788267776] TRACE perfrun.sdk <> - EXIT:  void runtool::sdk::getFilesFromDirectoryByExt(const std::basic_string<char, std::char_traits<char>, std::allocator<char>> &, const std::basic_string<char, std::char_traits<char>, std::allocator<char>> &, std::list<std::basic_string<char, std::char_traits<char>, std::allocator<char>>, std::allocator<std::basic_string<char, std::char_traits<char>, std::allocator<char>>>> &)
3402 [47402788267776] DEBUG perfrun.launcher <> - DirectoryInfo: total size of monitored paths is 0 bytes
3402 [47402788267776] TRACE perfrun.launcher <> - EXIT:  void runtool::DirectoryMonitor::notifyAll()
3402 [47402788267776] TRACE perfrun.launcher <> - EXIT:  void runtool::DeadlineTimer::notify(const boost::system::error_code &)
4402 [47402788267776] TRACE perfrun.launcher <> - ENTER: void runtool::DeadlineTimer::notify(const boost::system::error_code &)
4403 [47402788267776] TRACE perfrun.launcher <> - ENTER: void runtool::DirectoryMonitor::notifyAll()
4403 [47402788267776] TRACE perfrun.sdk <> - ENTER: void runtool::sdk::getFilesFromDirectoryByExt(const std::basic_string<char, std::char_traits<char>, std::allocator<char>> &, const std::basic_string<char, std::char_traits<char>, std::allocator<char>> &, std::list<std::basic_string<char, std::char_traits<char>, std::allocator<char>>, std::allocator<std::basic_string<char, std::char_traits<char>, std::allocator<char>>>> &)
4403 [47402788267776] TRACE perfrun.sdk <> - EXIT:  void runtool::sdk::getFilesFromDirectoryByExt(const std::basic_string<char, std::char_traits<char>, std::allocator<char>> &, const std::basic_string<char, std::char_traits<char>, std::allocator<char>> &, std::list<std::basic_string<char, std::char_traits<char>, std::allocator<char>>, std::allocator<std::basic_string<char, std::char_traits<char>, std::allocator<char>>>> &)
4403 [47402788267776] DEBUG perfrun.launcher <> - DirectoryInfo: total size of monitored paths is 0 bytes
4403 [47402788267776] TRACE perfrun.launcher <> - EXIT:  void runtool::DirectoryMonitor::notifyAll()
4403 [47402788267776] TRACE perfrun.launcher <> - EXIT:  void runtool::DeadlineTimer::notify(const boost::system::error_code &)
5404 [47402788267776] TRACE perfrun.launcher <> - ENTER: void runtool::DeadlineTimer::notify(const boost::system::error_code &)
5404 [47402788267776] TRACE perfrun.launcher <> - ENTER: void runtool::DirectoryMonitor::notifyAll()
5405 [47402788267776] TRACE perfrun.sdk <> - ENTER: void runtool::sdk::getFilesFromDirectoryByExt(const std::basic_string<char, std::char_traits<char>, std::allocator<char>> &, const std::basic_string<char, std::char_traits<char>, std::allocator<char>> &, std::list<std::basic_string<char, std::char_traits<char>, std::allocator<char>>, std::allocator<std::basic_string<char, std::char_traits<char>, std::allocator<char>>>> &)
5405 [47402788267776] TRACE perfrun.sdk <> - EXIT:  void runtool::sdk::getFilesFromDirectoryByExt(const std::basic_string<char, std::char_traits<char>, std::allocator<char>> &, const std::basic_string<char, std::char_traits<char>, std::allocator<char>> &, std::list<std::basic_string<char, std::char_traits<char>, std::allocator<char>>, std::allocator<std::basic_string<char, std::char_traits<char>, std::allocator<char>>>> &)
5405 [47402788267776] DEBUG perfrun.launcher <> - DirectoryInfo: total size of monitored paths is 0 bytes
5405 [47402788267776] TRACE perfrun.launcher <> - EXIT:  void runtool::DirectoryMonitor::notifyAll()
5405 [47402788267776] TRACE perfrun.launcher <> - EXIT:  void runtool::DeadlineTimer::notify(const boost::system::error_code &)
6406 [47402788267776] TRACE perfrun.launcher <> - ENTER: void runtool::DeadlineTimer::notify(const boost::system::error_code &)
6407 [47402788267776] TRACE perfrun.launcher <> - ENTER: void runtool::DirectoryMonitor::notifyAll()
6407 [47402788267776] TRACE perfrun.sdk <> - ENTER: void runtool::sdk::getFilesFromDirectoryByExt(const std::basic_string<char, std::char_traits<char>, std::allocator<char>> &, const std::basic_string<char, std::char_traits<char>, std::allocator<char>> &, std::list<std::basic_string<char, std::char_traits<char>, std::allocator<char>>, std::allocator<std::basic_string<char, std::char_traits<char>, std::allocator<char>>>> &)
6407 [47402788267776] TRACE perfrun.sdk <> - EXIT:  void runtool::sdk::getFilesFromDirectoryByExt(const std::basic_string<char, std::char_traits<char>, std::allocator<char>> &, const std::basic_string<char, std::char_traits<char>, std::allocator<char>> &, std::list<std::basic_string<char, std::char_traits<char>, std::allocator<char>>, std::allocator<std::basic_string<char, std::char_traits<char>, std::allocator<char>>>> &)
6407 [47402788267776] DEBUG perfrun.launcher <> - DirectoryInfo: total size of monitored paths is 0 bytes
6407 [47402788267776] TRACE perfrun.launcher <> - EXIT:  void runtool::DirectoryMonitor::notifyAll()
6407 [47402788267776] TRACE perfrun.launcher <> - EXIT:  void runtool::DeadlineTimer::notify(const boost::system::error_code &)
7407 [47402788267776] TRACE perfrun.launcher <> - ENTER: void runtool::DeadlineTimer::notify(const boost::system::error_code &)
7408 [47402788267776] TRACE perfrun.launcher <> - ENTER: void runtool::DirectoryMonitor::notifyAll()
7408 [47402788267776] TRACE perfrun.sdk <> - ENTER: void runtool::sdk::getFilesFromDirectoryByExt(const std::basic_string<char, std::char_traits<char>, std::allocator<char>> &, const std::basic_string<char, std::char_traits<char>, std::allocator<char>> &, std::list<std::basic_string<char, std::char_traits<char>, std::allocator<char>>, std::allocator<std::basic_string<char, std::char_traits<char>, std::allocator<char>>>> &)
7408 [47402788267776] TRACE perfrun.sdk <> - EXIT:  void runtool::sdk::getFilesFromDirectoryByExt(const std::basic_string<char, std::char_traits<char>, std::allocator<char>> &, const std::basic_string<char, std::char_traits<char>, std::allocator<char>> &, std::list<std::basic_string<char, std::char_traits<char>, std::allocator<char>>, std::allocator<std::basic_string<char, std::char_traits<char>, std::allocator<char>>>> &)
7408 [47402788267776] DEBUG perfrun.launcher <> - DirectoryInfo: total size of monitored paths is 0 bytes
7408 [47402788267776] TRACE perfrun.launcher <> - EXIT:  void runtool::DirectoryMonitor::notifyAll()
7408 [47402788267776] TRACE perfrun.launcher <> - EXIT:  void runtool::DeadlineTimer::notify(const boost::system::error_code &)
8409 [47402788267776] TRACE perfrun.launcher <> - ENTER: void runtool::DeadlineTimer::notify(const boost::system::error_code &)
8410 [47402788267776] TRACE perfrun.launcher <> - ENTER: void runtool::DirectoryMonitor::notifyAll()
8410 [47402788267776] TRACE perfrun.sdk <> - ENTER: void runtool::sdk::getFilesFromDirectoryByExt(const std::basic_string<char, std::char_traits<char>, std::allocator<char>> &, const std::basic_string<char, std::char_traits<char>, std::allocator<char>> &, std::list<std::basic_string<char, std::char_traits<char>, std::allocator<char>>, std::allocator<std::basic_string<char, std::char_traits<char>, std::allocator<char>>>> &)
8410 [47402788267776] TRACE perfrun.sdk <> - EXIT:  void runtool::sdk::getFilesFromDirectoryByExt(const std::basic_string<char, std::char_traits<char>, std::allocator<char>> &, const std::basic_string<char, std::char_traits<char>, std::allocator<char>> &, std::list<std::basic_string<char, std::char_traits<char>, std::allocator<char>>, std::allocator<std::basic_string<char, std::char_traits<char>, std::allocator<char>>>> &)
8410 [47402788267776] DEBUG perfrun.launcher <> - DirectoryInfo: total size of monitored paths is 0 bytes
8410 [47402788267776] TRACE perfrun.launcher <> - EXIT:  void runtool::DirectoryMonitor::notifyAll()
8411 [47402788267776] TRACE perfrun.launcher <> - EXIT:  void runtool::DeadlineTimer::notify(const boost::system::error_code &)
9411 [47402788267776] TRACE perfrun.launcher <> - ENTER: void runtool::DeadlineTimer::notify(const boost::system::error_code &)
9411 [47402788267776] TRACE perfrun.launcher <> - ENTER: void runtool::DirectoryMonitor::notifyAll()
9411 [47402788267776] TRACE perfrun.sdk <> - ENTER: void runtool::sdk::getFilesFromDirectoryByExt(const std::basic_string<char, std::char_traits<char>, std::allocator<char>> &, const std::basic_string<char, std::char_traits<char>, std::allocator<char>> &, std::list<std::basic_string<char, std::char_traits<char>, std::allocator<char>>, std::allocator<std::basic_string<char, std::char_traits<char>, std::allocator<char>>>> &)
9411 [47402788267776] TRACE perfrun.sdk <> - EXIT:  void runtool::sdk::getFilesFromDirectoryByExt(const std::basic_string<char, std::char_traits<char>, std::allocator<char>> &, const std::basic_string<char, std::char_traits<char>, std::allocator<char>> &, std::list<std::basic_string<char, std::char_traits<char>, std::allocator<char>>, std::allocator<std::basic_string<char, std::char_traits<char>, std::allocator<char>>>> &)
9411 [47402788267776] DEBUG perfrun.launcher <> - DirectoryInfo: total size of monitored paths is 0 bytes
9411 [47402788267776] TRACE perfrun.launcher <> - EXIT:  void runtool::DirectoryMonitor::notifyAll()
9411 [47402788267776] TRACE perfrun.launcher <> - EXIT:  void runtool::DeadlineTimer::notify(const boost::system::error_code &)
10412 [47402788267776] TRACE perfrun.launcher <> - ENTER: void runtool::DeadlineTimer::notify(const boost::system::error_code &)
10412 [47402788267776] TRACE perfrun.launcher <> - ENTER: void runtool::DirectoryMonitor::notifyAll()
10413 [47402788267776] TRACE perfrun.sdk <> - ENTER: void runtool::sdk::getFilesFromDirectoryByExt(const std::basic_string<char, std::char_traits<char>, std::allocator<char>> &, const std::basic_string<char, std::char_traits<char>, std::allocator<char>> &, std::list<std::basic_string<char, std::char_traits<char>, std::allocator<char>>, std::allocator<std::basic_string<char, std::char_traits<char>, std::allocator<char>>>> &)
10413 [47402788267776] TRACE perfrun.sdk <> - EXIT:  void runtool::sdk::getFilesFromDirectoryByExt(const std::basic_string<char, std::char_traits<char>, std::allocator<char>> &, const std::basic_string<char, std::char_traits<char>, std::allocator<char>> &, std::list<std::basic_string<char, std::char_traits<char>, std::allocator<char>>, std::allocator<std::basic_string<char, std::char_traits<char>, std::allocator<char>>>> &)
10413 [47402788267776] DEBUG perfrun.launcher <> - DirectoryInfo: total size of monitored paths is 0 bytes
10413 [47402788267776] TRACE perfrun.launcher <> - EXIT:  void runtool::DirectoryMonitor::notifyAll()
10413 [47402788267776] TRACE perfrun.launcher <> - EXIT:  void runtool::DeadlineTimer::notify(const boost::system::error_code &)
11414 [47402788267776] TRACE perfrun.launcher <> - ENTER: void runtool::DeadlineTimer::notify(const boost::system::error_code &)
11414 [47402788267776] TRACE perfrun.launcher <> - ENTER: void runtool::DirectoryMonitor::notifyAll()
11414 [47402788267776] TRACE perfrun.sdk <> - ENTER: void runtool::sdk::getFilesFromDirectoryByExt(const std::basic_string<char, std::char_traits<char>, std::allocator<char>> &, const std::basic_string<char, std::char_traits<char>, std::allocator<char>> &, std::list<std::basic_string<char, std::char_traits<char>, std::allocator<char>>, std::allocator<std::basic_string<char, std::char_traits<char>, std::allocator<char>>>> &)
11415 [47402788267776] TRACE perfrun.sdk <> - EXIT:  void runtool::sdk::getFilesFromDirectoryByExt(const std::basic_string<char, std::char_traits<char>, std::allocator<char>> &, const std::basic_string<char, std::char_traits<char>, std::allocator<char>> &, std::list<std::basic_string<char, std::char_traits<char>, std::allocator<char>>, std::allocator<std::basic_string<char, std::char_traits<char>, std::allocator<char>>>> &)
11415 [47402788267776] DEBUG perfrun.launcher <> - DirectoryInfo: total size of monitored paths is 0 bytes
11415 [47402788267776] TRACE perfrun.launcher <> - EXIT:  void runtool::DirectoryMonitor::notifyAll()
11415 [47402788267776] TRACE perfrun.launcher <> - EXIT:  void runtool::DeadlineTimer::notify(const boost::system::error_code &)
12416 [47402788267776] TRACE perfrun.launcher <> - ENTER: void runtool::DeadlineTimer::notify(const boost::system::error_code &)
12416 [47402788267776] TRACE perfrun.launcher <> - ENTER: void runtool::DirectoryMonitor::notifyAll()
12416 [47402788267776] TRACE perfrun.sdk <> - ENTER: void runtool::sdk::getFilesFromDirectoryByExt(const std::basic_string<char, std::char_traits<char>, std::allocator<char>> &, const std::basic_string<char, std::char_traits<char>, std::allocator<char>> &, std::list<std::basic_string<char, std::char_traits<char>, std::allocator<char>>, std::allocator<std::basic_string<char, std::char_traits<char>, std::allocator<char>>>> &)
12417 [47402788267776] TRACE perfrun.sdk <> - EXIT:  void runtool::sdk::getFilesFromDirectoryByExt(const std::basic_string<char, std::char_traits<char>, std::allocator<char>> &, const std::basic_string<char, std::char_traits<char>, std::allocator<char>> &, std::list<std::basic_string<char, std::char_traits<char>, std::allocator<char>>, std::allocator<std::basic_string<char, std::char_traits<char>, std::allocator<char>>>> &)
12417 [47402788267776] DEBUG perfrun.launcher <> - DirectoryInfo: total size of monitored paths is 0 bytes
12417 [47402788267776] TRACE perfrun.launcher <> - EXIT:  void runtool::DirectoryMonitor::notifyAll()
12417 [47402788267776] TRACE perfrun.launcher <> - EXIT:  void runtool::DeadlineTimer::notify(const boost::system::error_code &)
13418 [47402788267776] TRACE perfrun.launcher <> - ENTER: void runtool::DeadlineTimer::notify(const boost::system::error_code &)
13418 [47402788267776] TRACE perfrun.launcher <> - ENTER: void runtool::DirectoryMonitor::notifyAll()
13418 [47402788267776] TRACE perfrun.sdk <> - ENTER: void runtool::sdk::getFilesFromDirectoryByExt(const std::basic_string<char, std::char_traits<char>, std::allocator<char>> &, const std::basic_string<char, std::char_traits<char>, std::allocator<char>> &, std::list<std::basic_string<char, std::char_traits<char>, std::allocator<char>>, std::allocator<std::basic_string<char, std::char_traits<char>, std::allocator<char>>>> &)
13419 [47402788267776] TRACE perfrun.sdk <> - EXIT:  void runtool::sdk::getFilesFromDirectoryByExt(const std::basic_string<char, std::char_traits<char>, std::allocator<char>> &, const std::basic_string<char, std::char_traits<char>, std::allocator<char>> &, std::list<std::basic_string<char, std::char_traits<char>, std::allocator<char>>, std::allocator<std::basic_string<char, std::char_traits<char>, std::allocator<char>>>> &)
13419 [47402788267776] DEBUG perfrun.launcher <> - DirectoryInfo: total size of monitored paths is 0 bytes
13419 [47402788267776] TRACE perfrun.launcher <> - EXIT:  void runtool::DirectoryMonitor::notifyAll()
13419 [47402788267776] TRACE perfrun.launcher <> - EXIT:  void runtool::DeadlineTimer::notify(const boost::system::error_code &)
14420 [47402788267776] TRACE perfrun.launcher <> - ENTER: void runtool::DeadlineTimer::notify(const boost::system::error_code &)
14420 [47402788267776] TRACE perfrun.launcher <> - ENTER: void runtool::DirectoryMonitor::notifyAll()
14420 [47402788267776] TRACE perfrun.sdk <> - ENTER: void runtool::sdk::getFilesFromDirectoryByExt(const std::basic_string<char, std::char_traits<char>, std::allocator<char>> &, const std::basic_string<char, std::char_traits<char>, std::allocator<char>> &, std::list<std::basic_string<char, std::char_traits<char>, std::allocator<char>>, std::allocator<std::basic_string<char, std::char_traits<char>, std::allocator<char>>>> &)
14421 [47402788267776] TRACE perfrun.sdk <> - EXIT:  void runtool::sdk::getFilesFromDirectoryByExt(const std::basic_string<char, std::char_traits<char>, std::allocator<char>> &, const std::basic_string<char, std::char_traits<char>, std::allocator<char>> &, std::list<std::basic_string<char, std::char_traits<char>, std::allocator<char>>, std::allocator<std::basic_string<char, std::char_traits<char>, std::allocator<char>>>> &)
14421 [47402788267776] DEBUG perfrun.launcher <> - DirectoryInfo: total size of monitored paths is 0 bytes
14421 [47402788267776] TRACE perfrun.launcher <> - EXIT:  void runtool::DirectoryMonitor::notifyAll()
14421 [47402788267776] TRACE perfrun.launcher <> - EXIT:  void runtool::DeadlineTimer::notify(const boost::system::error_code &)
14954 [47402562772352] TRACE perfrun.launcher <> - EXIT:  int runtool::ProcessCreator::waitPid()
14955 [47402562772352] TRACE perfrun.launcher <> - EXIT:  int runtool::ProcessCreator::wait()
14955 [47402562772352] INFO perfrun.launcher <> - Launcher: the profiled application was terminated  with exit code = 0
14955 [47402562772352] TRACE perfrun.launcher <> - ENTER: void runtool::Launcher::waitForSlaves(const std::basic_string<char, std::char_traits<char>, std::allocator<char>> &)
14955 [47402562772352] TRACE perfrun.sdk <> - ENTER: void runtool::sdk::getFilesFromDirectoryByExt(const std::basic_string<char, std::char_traits<char>, std::allocator<char>> &, const std::basic_string<char, std::char_traits<char>, std::allocator<char>> &, std::list<std::basic_string<char, std::char_traits<char>, std::allocator<char>>, std::allocator<std::basic_string<char, std::char_traits<char>, std::allocator<char>>>> &)
14956 [47402562772352] TRACE perfrun.sdk <> - EXIT:  void runtool::sdk::getFilesFromDirectoryByExt(const std::basic_string<char, std::char_traits<char>, std::allocator<char>> &, const std::basic_string<char, std::char_traits<char>, std::allocator<char>> &, std::list<std::basic_string<char, std::char_traits<char>, std::allocator<char>>, std::allocator<std::basic_string<char, std::char_traits<char>, std::allocator<char>>>> &)
14956 [47402562772352] TRACE perfrun.launcher <> - EXIT:  void runtool::Launcher::waitForSlaves(const std::basic_string<char, std::char_traits<char>, std::allocator<char>> &)
14956 [47402679281408] TRACE perfrun.system <> - ENTER: void runtool::system::Controller::onEvent(runtool::sdk::collection_state_t)
14956 [47402679281408] TRACE perfrun.system <> - EXIT:  void runtool::system::Controller::onEvent(runtool::sdk::collection_state_t)
14956 [47402679281408] TRACE perfrun.system <> - ENTER: bool runtool::system::Controller::stop()
14961 [47402679281408] TRACE perfrun.system <> - EXIT:  bool runtool::system::Controller::stop()
14961 [47402679281408] TRACE perfrun.tpss <> - ENTER: bool runtool::tpss::Controller::stop()
14961 [47402679281408] INFO perfrun.tpss <> - stop tpss controller
14961 [47402679281408] TRACE perfrun.tpss <> - EXIT:  bool runtool::tpss::Controller::stop()
14961 [47402679281408] TRACE perfrun.system <> - ENTER: void runtool::system::Controller::onEvent(runtool::sdk::collection_state_t)
14961 [47402679281408] TRACE perfrun.sdk <> - ENTER: void runtool::sdk::TraceFile::close(boost::system::error_code &)
14961 [47402679281408] INFO perfrun.sdk <> - De-allocating TMU: /tmp/advixe-tmp-yf20630/advixe-res-670-78489511659069252/data.0/systemcollector-670-compute245.bc4.acrc.priv.sc
14961 [47402679281408] TRACE perfrun.sdk <> - EXIT:  void runtool::sdk::TraceFile::close(boost::system::error_code &)
14961 [47402679281408] INFO perfrun.system <> - closed the system trace file: /tmp/advixe-tmp-yf20630/advixe-res-670-78489511659069252/data.0/systemcollector-670-compute245.bc4.acrc.priv.sc
14961 [47402679281408] TRACE perfrun.system <> - EXIT:  void runtool::system::Controller::onEvent(runtool::sdk::collection_state_t)
14961 [47402562772352] TRACE perfrun.launcher <> - ENTER: void runtool::ProcessSetMonitor<T>::stop() [with T = unsigned int]
14961 [47402562772352] TRACE perfrun.launcher <> - EXIT:  void runtool::ProcessSetMonitor<T>::stop() [with T = unsigned int]
14961 [47402562772352] TRACE perfrun.launcher <> - ENTER: void runtool::ProcessCreator::stop()
14962 [47402562772352] TRACE perfrun.launcher <> - EXIT:  void runtool::ProcessCreator::stop()
14962 [47402562772352] INFO perfrun.launcher <> - Launcher: all plugins were stopped.
14962 [47402562772352] TRACE perfrun.launcher <> - ENTER: void runtool::Launcher::resetDurationCallback()
14962 [47402562772352] TRACE perfrun.launcher <> - EXIT:  void runtool::Launcher::resetDurationCallback()
14962 [47402562772352] TRACE perfrun.launcher <> - ENTER: void runtool::Launcher::resetResumeAfterCallback()
14962 [47402562772352] TRACE perfrun.launcher <> - EXIT:  void runtool::Launcher::resetResumeAfterCallback()
14962 [47402562772352] TRACE perfrun.launcher <> - ENTER: void runtool::Launcher::resetHardStopCallbacks()
14962 [47402562772352] INFO perfrun.launcher <> - DeadlineTimer is going to be destroyed
14962 [47402562772352] INFO perfrun.launcher <> - DirectoryMonitor object was destroyed
14962 [47402562772352] TRACE perfrun.launcher <> - EXIT:  void runtool::Launcher::resetHardStopCallbacks()
14962 [47402562772352] WARN perfrun.launcher <> - Stop command is ignored because it is received when collection is already stopped, at file: vcs/perfrun1/launcher/src/command_handler.cpp:209
14962 [47402562772352] TRACE perfrun.launcher <> - ENTER: void runtool::Launcher::shutdownLaunch()
14962 [47402562772352] TRACE perfrun.launcher <> - ENTER: void runtool::Launcher::resetDurationCallback()
14962 [47402562772352] TRACE perfrun.launcher <> - EXIT:  void runtool::Launcher::resetDurationCallback()
14962 [47402562772352] TRACE perfrun.launcher <> - ENTER: void runtool::Launcher::resetResumeAfterCallback()
14962 [47402562772352] TRACE perfrun.launcher <> - EXIT:  void runtool::Launcher::resetResumeAfterCallback()
14962 [47402562772352] TRACE perfrun.launcher <> - ENTER: void runtool::Launcher::resetHardStopCallbacks()
14962 [47402562772352] TRACE perfrun.launcher <> - EXIT:  void runtool::Launcher::resetHardStopCallbacks()
14962 [47402562772352] TRACE perfrun.launcher <> - ENTER: void runtool::RpcServer::stop()
14962 [47402562772352] TRACE perfrun.launcher <> - ENTER: Send RPC request
14962 [47402784065280] TRACE perfrun.launcher <> - ENTER: Receive RPC request
14963 [47402562772352] TRACE perfrun.launcher <> - header and body of the message was send: header = 22 serialization::archive 10 0 0 8 0 0 0 0; body = 22 serialization::archive 10 0 0 8 0 0 0 0
14963 [47402784065280] TRACE perfrun.launcher <> - header of the message was received: size = 8; message =       2a
14963 [47402562772352] TRACE perfrun.launcher <> - EXIT:  Send RPC request
14963 [47402784065280] TRACE perfrun.launcher <> - body of the message was received: size = 42; message = 22 serialization::archive 10 0 0 8 0 0 0 0
14963 [47402784065280] TRACE perfrun.launcher <> - EXIT:  Receive RPC request
14963 [47402784065280] TRACE perfrun.launcher <> - EXIT:  RpcServer: the main loop handles RPC requests  from clients
14963 [47402562772352] TRACE perfrun.launcher <> - EXIT:  void runtool::RpcServer::stop()
14974 [47402562772352] TRACE perfrun.launcher <> - ENTER: void runtool::Launcher::waitForSlaves(const std::basic_string<char, std::char_traits<char>, std::allocator<char>> &)
14974 [47402562772352] TRACE perfrun.sdk <> - ENTER: void runtool::sdk::getFilesFromDirectoryByExt(const std::basic_string<char, std::char_traits<char>, std::allocator<char>> &, const std::basic_string<char, std::char_traits<char>, std::allocator<char>> &, std::list<std::basic_string<char, std::char_traits<char>, std::allocator<char>>, std::allocator<std::basic_string<char, std::char_traits<char>, std::allocator<char>>>> &)
14975 [47402562772352] TRACE perfrun.sdk <> - EXIT:  void runtool::sdk::getFilesFromDirectoryByExt(const std::basic_string<char, std::char_traits<char>, std::allocator<char>> &, const std::basic_string<char, std::char_traits<char>, std::allocator<char>> &, std::list<std::basic_string<char, std::char_traits<char>, std::allocator<char>>, std::allocator<std::basic_string<char, std::char_traits<char>, std::allocator<char>>>> &)
14975 [47402562772352] TRACE perfrun.launcher <> - EXIT:  void runtool::Launcher::waitForSlaves(const std::basic_string<char, std::char_traits<char>, std::allocator<char>> &)
14975 [47402562772352] TRACE perfrun.launcher <> - EXIT:  void runtool::Launcher::shutdownLaunch()
14975 [47402562772352] TRACE perfrun.launcher <> - EXIT:  int runtool::Launcher::doStart()
14975 [47402562772352] TRACE perfrun.launcher <> - IMessenger: send collection state with state = 3
14975 [47402562772352] INFO perfrun.launcher <> - Application exit code: 0
14975 [47402562772352] INFO perfrun.launcher <> - Exit code: 0
14975 [47402562772352] TRACE perfrun.launcher <> - EXIT:  Start the collection
14975 [47402562772352] TRACE perfrun.launcher <> - ENTER: Destroy the launcher...
14975 [47402562772352] TRACE perfrun.launcher <> - EXIT:  Destroy the launcher...
14975 [47402562772352] TRACE perfrun.launcher <> - ENTER: runtool::RpcServer::~RpcServer()
14975 [47402562772352] TRACE perfrun.launcher <> - ENTER: void runtool::RpcServer::stop()
14975 [47402562772352] TRACE perfrun.launcher <> - EXIT:  void runtool::RpcServer::stop()
14975 [47402562772352] TRACE perfrun.launcher <> - EXIT:  runtool::RpcServer::~RpcServer()
14975 [47402562772352] TRACE perfrun.launcher <> - ENTER: runtool::ProcessCreator::~ProcessCreator()
14975 [47402562772352] TRACE perfrun.launcher <> - ENTER: void runtool::ProcessCreator::stop()
14975 [47402562772352] TRACE perfrun.launcher <> - EXIT:  void runtool::ProcessCreator::stop()
14975 [47402562772352] TRACE perfrun.launcher <> - EXIT:  runtool::ProcessCreator::~ProcessCreator()
14975 [47402562772352] TRACE perfrun.launcher <> - PluginManagerProxy::doOperation thread was terminated.
14977 [47402562772352] TRACE perfrun.launcher <> - EXIT:  int main(int, char **)
