<?xml version="1.0" encoding="utf-8"?>
<log version="1.0" tool="runtool">

<msg id="1" tool="runtool">
  <type>log-start</type>
  <arg>2023/03/08 03:22:05</arg>
</msg>
<msg id="2" tool="runtool">
  <type>bandwidth-measurement-starts</type>
</msg>
<msg id="3" tool="runtool">
  <type>bandwidth-measurement-done</type>
</msg>
<msg id="4" tool="runtool">
  <type>collector-starts</type>
</msg>
<msg id="5" tool="runtool">
  <type>marker-file</type>
  <arg>/user/home/yf20630/lab1/advanced-hpc-lbm/advi-orig-1024/e000/trc000/trc000.advixe</arg>
</msg>
<msg id="6" tool="trc">
  <type>PROCESS_START</type>
  <arg>/user/home/yf20630/lab1/advanced-hpc-lbm/debug</arg>
  <arg>9516</arg>
  <severity>INFO</severity>
  <timestamp>Wed Mar  8 03:22:15 2023</timestamp>
</msg>
<msg id="7" tool="trc">
  <type>PROCESS_ANALYSIS_MODE</type>
  <arg>full</arg>
  <severity>INFO</severity>
  <timestamp>Wed Mar  8 03:22:16 2023</timestamp>
</msg>
<msg id="8" tool="trc">
  <type>LOAD_MODULE</type>
  <arg>/user/home/yf20630/lab1/advanced-hpc-lbm/debug</arg>
  <arg>0x400000</arg>
  <arg>0x60ddff</arg>
  <severity>INFO</severity>
  <timestamp>Wed Mar  8 03:22:16 2023</timestamp>
</msg>
<msg id="9" tool="trc">
  <type>LOAD_MODULE</type>
  <arg>/lib64/ld-linux-x86-64.so.2</arg>
  <arg>0x2aba54034000</arg>
  <arg>0x2aba5425714f</arg>
  <severity>INFO</severity>
  <timestamp>Wed Mar  8 03:22:16 2023</timestamp>
</msg>
<msg id="10" tool="trc">
  <type>LOAD_MODULE</type>
  <arg>[vdso]</arg>
  <arg>0x7ffdd60a4000</arg>
  <arg>0x7ffdd60a4e6c</arg>
  <severity>INFO</severity>
  <timestamp>Wed Mar  8 03:22:16 2023</timestamp>
</msg>
<msg id="11" tool="trc">
  <type>LOAD_MODULE</type>
  <arg>/lib64/libm.so.6</arg>
  <arg>0x2aba68afc000</arg>
  <arg>0x2aba68dfd137</arg>
  <severity>INFO</severity>
  <timestamp>Wed Mar  8 03:22:16 2023</timestamp>
</msg>
<msg id="12" tool="trc">
  <type>LOAD_MODULE</type>
  <arg>/mnt/storage/software/languages/gcc-10.4.0/lib64/libgcc_s.so.1</arg>
  <arg>0x2aba68e30000</arg>
  <arg>0x2aba69047447</arg>
  <severity>INFO</severity>
  <timestamp>Wed Mar  8 03:22:16 2023</timestamp>
</msg>
<msg id="13" tool="trc">
  <type>LOAD_MODULE</type>
  <arg>/lib64/libc.so.6</arg>
  <arg>0x2aba6904c000</arg>
  <arg>0x2aba694191ff</arg>
  <severity>INFO</severity>
  <timestamp>Wed Mar  8 03:22:16 2023</timestamp>
</msg>
<msg id="14" tool="trc">
  <type>LOAD_MODULE</type>
  <arg>/lib64/libdl.so.2</arg>
  <arg>0x2aba6941a000</arg>
  <arg>0x2aba6961d12f</arg>
  <severity>INFO</severity>
  <timestamp>Wed Mar  8 03:22:16 2023</timestamp>
</msg>
<msg id="15" tool="trc">
  <type>UNLOAD_MODULE</type>
  <arg>/user/home/yf20630/lab1/advanced-hpc-lbm/debug</arg>
  <severity>INFO</severity>
  <timestamp>Wed Mar  8 03:49:52 2023</timestamp>
</msg>
<msg id="16" tool="trc">
  <type>UNLOAD_MODULE</type>
  <arg>/lib64/ld-linux-x86-64.so.2</arg>
  <severity>INFO</severity>
  <timestamp>Wed Mar  8 03:49:52 2023</timestamp>
</msg>
<msg id="17" tool="trc">
  <type>UNLOAD_MODULE</type>
  <arg>[vdso]</arg>
  <severity>INFO</severity>
  <timestamp>Wed Mar  8 03:49:52 2023</timestamp>
</msg>
<msg id="18" tool="trc">
  <type>UNLOAD_MODULE</type>
  <arg>/lib64/libm.so.6</arg>
  <severity>INFO</severity>
  <timestamp>Wed Mar  8 03:49:52 2023</timestamp>
</msg>
<msg id="19" tool="trc">
  <type>UNLOAD_MODULE</type>
  <arg>/mnt/storage/software/languages/gcc-10.4.0/lib64/libgcc_s.so.1</arg>
  <severity>INFO</severity>
  <timestamp>Wed Mar  8 03:49:52 2023</timestamp>
</msg>
<msg id="20" tool="trc">
  <type>UNLOAD_MODULE</type>
  <arg>/lib64/libc.so.6</arg>
  <severity>INFO</severity>
  <timestamp>Wed Mar  8 03:49:52 2023</timestamp>
</msg>
<msg id="21" tool="trc">
  <type>UNLOAD_MODULE</type>
  <arg>/lib64/libdl.so.2</arg>
  <severity>INFO</severity>
  <timestamp>Wed Mar  8 03:49:52 2023</timestamp>
</msg>
<msg id="22" tool="trc">
  <type>PROCESS_FINISH</type>
  <arg>/user/home/yf20630/lab1/advanced-hpc-lbm/debug</arg>
  <arg>9516</arg>
  <arg>0x0</arg>
  <severity>INFO</severity>
  <timestamp>Wed Mar  8 03:49:52 2023</timestamp>
</msg>
<msg id="23" tool="runtool">
  <type>app-exit-code</type>
  <arg>0</arg>
</msg>
<msg id="24" tool="runtool">
  <type>marker-file</type>
  <arg>/user/home/yf20630/lab1/advanced-hpc-lbm/advi-orig-1024/e000/trc000/trc000.advixe</arg>
</msg>
<msg id="25" tool="runtool">
  <type>collector-done</type>
</msg>
<msg id="26" tool="runtool">
  <type>log-end</type>
  <arg>2023/03/08 03:49:55</arg>
</msg>

</log>

